#
# A fatal error has been detected by the Java Runtime Environment:
#
#  EXCEPTION_ACCESS_VIOLATION (0xc0000005) at pc=0x00007ff9eeef3899, pid=20672, tid=15156
#
# JRE version: OpenJDK Runtime Environment (19.0.1+10) (build 19.0.1+10-21)
# Java VM: OpenJDK 64-Bit Server VM (19.0.1+10-21, mixed mode, sharing, tiered, compressed oops, compressed class ptrs, g1 gc, windows-amd64)
# Problematic frame:
# C  [ig11icd64.dll+0x593899]
#
# No core dump will be written. Minidumps are not enabled by default on client versions of Windows
#
# If you would like to submit a bug report, please visit:
#   https://bugreport.java.com/bugreport/crash.jsp
#

---------------  S U M M A R Y ------------

Command Line: -Djava.library.path=C:\Schule\3cWI\SWP\GameEngine\Games\native -javaagent:C:\Schule\Programme\IntelliJ IDEA Community Edition 2022.2.1\lib\idea_rt.jar=62328:C:\Schule\Programme\IntelliJ IDEA Community Edition 2022.2.1\bin -Dfile.encoding=UTF-8 -Dsun.stdout.encoding=UTF-8 -Dsun.stderr.encoding=UTF-8 at.finn.games.snowworld.Snowworld

Host: Intel(R) Core(TM) i7-1065G7 CPU @ 1.30GHz, 8 cores, 15G,  Windows 11 , 64 bit Build 22000 (10.0.22000.1335)
Time: Thu Feb  2 10:01:42 2023 Mitteleuropäische Zeit elapsed time: 26.247800 seconds (0d 0h 0m 26s)

---------------  T H R E A D  ---------------

Current thread (0x0000020d0219b4d0):  VMThread "VM Thread" [stack: 0x000000a2c7500000,0x000000a2c7600000] [id=15156]

Stack: [0x000000a2c7500000,0x000000a2c7600000],  sp=0x000000a2c75fe510,  free space=1017k
Native frames: (J=compiled Java code, j=interpreted, Vv=VM code, C=native code)
C  [ig11icd64.dll+0x593899]


siginfo: EXCEPTION_ACCESS_VIOLATION (0xc0000005), reading address 0x00000000000352d8


Registers:
RAX=0x0000020da484f2f0, RBX=0x0000020da484f220, RCX=0x0000000000000000, RDX=0x0000020da484f2f0
RSP=0x000000a2c75fe510, RBP=0x0000020da4851380, RSI=0x0000020da484f738, RDI=0x0000020d06524890
R8 =0x0000000000000030, R9 =0x0000000000000000, R10=0x0000000000000000, R11=0x0000000000000246
R12=0x0000000000000000, R13=0x0000000000000000, R14=0x0000000000000000, R15=0x0000000000000000
RIP=0x00007ff9eeef3899, EFLAGS=0x0000000000010206


Register to memory mapping:

RIP=0x00007ff9eeef3899 ig11icd64.dll
RAX=0x0000020da484f2f0 points into unknown readable memory: 0x0000000000285122 | 22 51 28 00 00 00 00 00
RBX=0x0000020da484f220 points into unknown readable memory: 0x0000020d067e2d90 | 90 2d 7e 06 0d 02 00 00
RCX=0x0 is NULL
RDX=0x0000020da484f2f0 points into unknown readable memory: 0x0000000000285122 | 22 51 28 00 00 00 00 00
RSP=0x000000a2c75fe510 points into unknown readable memory: 0x0000020d06768230 | 30 82 76 06 0d 02 00 00
RBP=0x0000020da4851380 points into unknown readable memory: 0x0000020d067e2d90 | 90 2d 7e 06 0d 02 00 00
RSI=0x0000020da484f738 points into unknown readable memory: 0x0000020da4851380 | 80 13 85 a4 0d 02 00 00
RDI=0x0000020d06524890 points into unknown readable memory: 0x00007ffa4f690a00 | 00 0a 69 4f fa 7f 00 00
R8 =0x0000000000000030 is an unknown value
R9 =0x0 is NULL
R10=0x0 is NULL
R11=0x0000000000000246 is an unknown value
R12=0x0 is NULL
R13=0x0 is NULL
R14=0x0 is NULL
R15=0x0 is NULL


Top of Stack: (sp=0x000000a2c75fe510)
0x000000a2c75fe510:   0000020d06768230 00000001f46857d4
0x000000a2c75fe520:   000000a2c75fe558 0000005400000000
0x000000a2c75fe530:   00007ff9ef8caaa0 00000000002855d3
0x000000a2c75fe540:   0000020d06c22fb0 0000000000000088
0x000000a2c75fe550:   0000000000000000 00007ff9eeed54ef
0x000000a2c75fe560:   0000020d06768230 0000020d06524890
0x000000a2c75fe570:   000000a2c75fe660 0000000000000000
0x000000a2c75fe580:   00000000046cd5b8 0000000000000000
0x000000a2c75fe590:   000000a2c75fe740 000000a2c75fe5c8
0x000000a2c75fe5a0:   000000a2c75fe5f0 0000000000140012
0x000000a2c75fe5b0:   00007ffa4428a8b0 0000000000000000
0x000000a2c75fe5c0:   0000000000000000 0000000000140012
0x000000a2c75fe5d0:   00007ffa4a403c40 0000000000000000
0x000000a2c75fe5e0:   0000000000000000 0000000000000000
0x000000a2c75fe5f0:   0000000000000070 0000000000000000
0x000000a2c75fe600:   0000b80200000000 00000000046cd5b8 

Instructions: (pc=0x00007ff9eeef3899)
0x00007ff9eeef3799:   30 44 38 24 01 75 05 e8 43 25 f9 ff 65 48 8b 04
0x00007ff9eeef37a9:   25 58 00 00 00 41 be 08 00 00 00 48 8b 04 30 4d
0x00007ff9eeef37b9:   8b 34 06 48 85 ed 0f 84 6f 03 00 00 66 66 66 0f
0x00007ff9eeef37c9:   1f 84 00 00 00 00 00 48 8b dd 48 8d b5 18 05 00
0x00007ff9eeef37d9:   00 48 8b 2e 45 84 ff 74 1d 48 8b 0b 48 8b d3 80
0x00007ff9eeef37e9:   bb 6a 05 00 00 00 0f 85 f2 02 00 00 e8 f6 68 fe
0x00007ff9eeef37f9:   ff e9 f4 02 00 00 8b 8f d0 01 00 00 48 8b 05 d4
0x00007ff9eeef3809:   e6 8d 00 83 b8 54 03 00 00 02 0f 85 f4 00 00 00
0x00007ff9eeef3819:   48 8d 93 d0 00 00 00 83 f9 10 73 04 8b c1 eb 56
0x00007ff9eeef3829:   44 8d 41 f0 41 8b c0 c1 e8 04 83 f8 03 73 20 0f
0x00007ff9eeef3839:   ae e8 41 83 e0 0f 4c 8b 8c c2 00 04 00 00 4d 85
0x00007ff9eeef3849:   c9 74 25 41 8b c0 48 c1 e0 06 49 03 c1 eb 2e 48
0x00007ff9eeef3859:   8b 82 18 04 00 00 48 85 c0 74 0d 39 08 74 29 48
0x00007ff9eeef3869:   8b 40 48 48 85 c0 75 f3 80 ba 20 04 00 00 00 74
0x00007ff9eeef3879:   1d 8b c1 83 e0 0f 48 c1 e0 06 48 03 c2 48 85 c0
0x00007ff9eeef3889:   74 0c 48 8b 48 08 eb 08 48 83 c0 08 eb ef 33 c9
0x00007ff9eeef3899:   49 3b 8e d8 52 03 00 76 6b 48 8b 87 80 02 00 00
0x00007ff9eeef38a9:   48 89 06 48 89 9f 80 02 00 00 ff 87 88 02 00 00
0x00007ff9eeef38b9:   48 8b 4b 08 48 8b 01 ba 01 00 00 00 48 8b 80 e0
0x00007ff9eeef38c9:   02 00 00 ff 15 0e 3d 58 00 0f b7 c8 48 2b c1 48
0x00007ff9eeef38d9:   05 00 00 01 00 48 01 87 90 02 00 00 48 8b 4b 08
0x00007ff9eeef38e9:   48 8b 01 ba 01 00 00 00 48 8b 80 e0 02 00 00 ff
0x00007ff9eeef38f9:   15 e2 3c 58 00 48 01 87 a0 02 00 00 41 b4 01 e9
0x00007ff9eeef3909:   e6 01 00 00 44 8b 9f d0 01 00 00 48 8b 87 e8 01
0x00007ff9eeef3919:   00 00 4c 8b 10 8b 8f d0 01 00 00 48 8d 93 d0 00
0x00007ff9eeef3929:   00 00 83 f9 10 73 04 8b c1 eb 57 44 8d 41 f0 41
0x00007ff9eeef3939:   8b c0 c1 e8 04 83 f8 03 73 20 0f ae e8 41 83 e0
0x00007ff9eeef3949:   0f 4c 8b 8c c2 00 04 00 00 4d 85 c9 74 26 41 8b
0x00007ff9eeef3959:   c0 48 c1 e0 06 49 03 c1 eb 2f 48 8b 82 18 04 00
0x00007ff9eeef3969:   00 48 85 c0 74 0e 90 39 08 74 3c 48 8b 40 48 48
0x00007ff9eeef3979:   85 c0 75 f3 80 ba 20 04 00 00 00 74 1b 8b c1 83
0x00007ff9eeef3989:   e0 0f 48 c1 e0 06 48 03 c2 48 85 c0 74 0a 4c 39 


Stack slot to memory mapping:
stack at sp + 0 slots: 0x0000020d06768230 points into unknown readable memory: 0xffffffffffffffff | ff ff ff ff ff ff ff ff
stack at sp + 1 slots: 0x00000001f46857d4 is an unknown value
stack at sp + 2 slots: 0x000000a2c75fe558 points into unknown readable memory: 0x00007ff9eeed54ef | ef 54 ed ee f9 7f 00 00
stack at sp + 3 slots: 0x0000005400000000 is an unknown value
stack at sp + 4 slots: 0x00007ff9ef8caaa0 ig11icd64.dll
stack at sp + 5 slots: 0x00000000002855d3 is an unknown value
stack at sp + 6 slots: 0x0000020d06c22fb0 points into unknown readable memory: 0x0000000000000000 | 00 00 00 00 00 00 00 00
stack at sp + 7 slots: 0x0000000000000088 is an unknown value

VM_Operation (0x000000a2c8bfefb0): Exit, mode: safepoint, requested by thread 0x0000020d0e73eb50


---------------  P R O C E S S  ---------------

Threads class SMR info:
_java_thread_list=0x0000020d0e770b20, length=14, elements={
0x0000020d5ee12840, 0x0000020d021b69c0, 0x0000020d021b72f0, 0x0000020d021ba8d0,
0x0000020d021bd300, 0x0000020d021bdd20, 0x0000020d021c39b0, 0x0000020d021c4320,
0x0000020d021c4c90, 0x0000020d0218bdc0, 0x0000020d066b9480, 0x0000020d066bff20,
0x0000020d0704b380, 0x0000020d0e73eb50
}

Java Threads: ( => current thread )
  0x0000020d5ee12840 JavaThread "main" [_thread_blocked, id=16156, stack(0x000000a2c6f00000,0x000000a2c7000000)]
  0x0000020d021b69c0 JavaThread "Reference Handler" daemon [_thread_blocked, id=15596, stack(0x000000a2c7600000,0x000000a2c7700000)]
  0x0000020d021b72f0 JavaThread "Finalizer" daemon [_thread_blocked, id=15076, stack(0x000000a2c7700000,0x000000a2c7800000)]
  0x0000020d021ba8d0 JavaThread "Attach Listener" daemon [_thread_blocked, id=20044, stack(0x000000a2c7900000,0x000000a2c7a00000)]
  0x0000020d021bd300 JavaThread "Service Thread" daemon [_thread_blocked, id=11868, stack(0x000000a2c7a00000,0x000000a2c7b00000)]
  0x0000020d021bdd20 JavaThread "Monitor Deflation Thread" daemon [_thread_blocked, id=5948, stack(0x000000a2c7b00000,0x000000a2c7c00000)]
  0x0000020d021c39b0 JavaThread "C2 CompilerThread0" daemon [_thread_blocked, id=6852, stack(0x000000a2c7c00000,0x000000a2c7d00000)]
  0x0000020d021c4320 JavaThread "C1 CompilerThread0" daemon [_thread_blocked, id=14088, stack(0x000000a2c7d00000,0x000000a2c7e00000)]
  0x0000020d021c4c90 JavaThread "Sweeper thread" daemon [_thread_blocked, id=18608, stack(0x000000a2c7e00000,0x000000a2c7f00000)]
  0x0000020d0218bdc0 JavaThread "Common-Cleaner" daemon [_thread_blocked, id=6532, stack(0x000000a2c7f00000,0x000000a2c8000000)]
  0x0000020d066b9480 JavaThread "Monitor Ctrl-Break" daemon [_thread_in_native, id=14944, stack(0x000000a2c8000000,0x000000a2c8100000)]
  0x0000020d066bff20 JavaThread "Notification Thread" daemon [_thread_blocked, id=18632, stack(0x000000a2c8100000,0x000000a2c8200000)]
  0x0000020d0704b380 JavaThread "Thread-2" daemon [_thread_in_native, id=15504, stack(0x000000a2c8400000,0x000000a2c8500000)]
  0x0000020d0e73eb50 JavaThread "SIGINT handler" daemon [_thread_blocked, id=18308, stack(0x000000a2c8b00000,0x000000a2c8c00000)]

Other Threads:
=>0x0000020d0219b4d0 VMThread "VM Thread" [stack: 0x000000a2c7500000,0x000000a2c7600000] [id=15156]
  0x0000020d5ee8c680 WorkerThread "GC Thread#0" [stack: 0x000000a2c7000000,0x000000a2c7100000] [id=6276]
  0x0000020d07167c00 WorkerThread "GC Thread#1" [stack: 0x000000a2c8d00000,0x000000a2c8e00000] [id=6600]
  0x0000020d07048280 WorkerThread "GC Thread#2" [stack: 0x000000a2c8e00000,0x000000a2c8f00000] [id=17316]
  0x0000020d07048550 WorkerThread "GC Thread#3" [stack: 0x000000a2c8f00000,0x000000a2c9000000] [id=9340]
  0x0000020d07104910 WorkerThread "GC Thread#4" [stack: 0x000000a2c9000000,0x000000a2c9100000] [id=14640]
  0x0000020d071040a0 WorkerThread "GC Thread#5" [stack: 0x000000a2c9100000,0x000000a2c9200000] [id=16112]
  0x0000020d07104370 WorkerThread "GC Thread#6" [stack: 0x000000a2c9200000,0x000000a2c9300000] [id=10576]
  0x0000020d07104eb0 WorkerThread "GC Thread#7" [stack: 0x000000a2c9300000,0x000000a2c9400000] [id=9968]
  0x0000020d5ee9d270 ConcurrentGCThread "G1 Main Marker" terminated
  0x0000020d5ee9dca0 WorkerThread "G1 Conc#0" [stack: 0x000000a2c7200000,0x000000a2c7300000] [id=20632]
  0x0000020d5eede480 ConcurrentGCThread "G1 Refine#0" terminated
  0x0000020d0205a160 ConcurrentGCThread "G1 Service" terminated

Threads with active compile tasks:

VM state: at safepoint (shutting down)

VM Mutex/Monitor currently owned by a thread:  ([mutex/lock_event])
[0x0000020d5ee0d320] Threads_lock - owner thread: 0x0000020d0219b4d0
[0x0000020d5ee0e130] Heap_lock - owner thread: 0x0000020d0e73eb50

Heap address: 0x0000000703600000, size: 4042 MB, Compressed Oops mode: Zero based, Oop shift amount: 3

CDS archive(s) mapped at: [0x0000000800000000-0x0000000800c30000-0x0000000800c30000), size 12779520, SharedBaseAddress: 0x0000000800000000, ArchiveRelocationMode: 0.
Compressed class space mapped at: 0x0000000801000000-0x0000000841000000, reserved size: 1073741824
Narrow klass base: 0x0000000800000000, Narrow klass shift: 0, Narrow klass range: 0x100000000

GC Precious Log:
 CardTable entry size: 512
 Card Set container configuration: InlinePtr #cards 4 size 8 Array Of Cards #cards 16 size 48 Howl #buckets 8 coarsen threshold 3686 Howl Bitmap #cards 512 size 80 coarsen threshold 460 Card regions per heap region 1 cards per card region 4096
 CPUs: 8 total, 8 available
 Memory: 16165M
 Large Page Support: Disabled
 NUMA Support: Disabled
 Compressed Oops: Enabled (Zero based)
 Heap Region Size: 2M
 Heap Min Capacity: 8M
 Heap Initial Capacity: 254M
 Heap Max Capacity: 4042M
 Pre-touch: Disabled
 Parallel Workers: 8
 Concurrent Workers: 2
 Concurrent Refinement Workers: 8
 Periodic GC: Disabled

Heap:
 garbage-first heap   total 778240K, used 353262K [0x0000000703600000, 0x0000000800000000)
  region size 2048K, 38 young (77824K), 4 survivors (8192K)
 Metaspace       used 3895K, committed 4096K, reserved 1114112K
  class space    used 267K, committed 384K, reserved 1048576K

Heap Regions: E=young(eden), S=young(survivor), O=old, HS=humongous(starts), HC=humongous(continues), CS=collection set, F=free, OA=open archive, CA=closed archive, TAMS=top-at-mark-start (previous, next)
|   0|0x0000000703600000, 0x0000000703800000, 0x0000000703800000|100%| O|  |TAMS 0x0000000703600000, 0x0000000703600000| Untracked 
|   1|0x0000000703800000, 0x0000000703a00000, 0x0000000703a00000|100%| O|  |TAMS 0x0000000703800000, 0x0000000703800000| Untracked 
|   2|0x0000000703a00000, 0x0000000703c00000, 0x0000000703c00000|100%| O|  |TAMS 0x0000000703a00000, 0x0000000703a00000| Untracked 
|   3|0x0000000703c00000, 0x0000000703e00000, 0x0000000703e00000|100%| O|  |TAMS 0x0000000703c00000, 0x0000000703c00000| Untracked 
|   4|0x0000000703e00000, 0x0000000704000000, 0x0000000704000000|100%| O|  |TAMS 0x0000000703e00000, 0x0000000703e00000| Untracked 
|   5|0x0000000704000000, 0x0000000704200000, 0x0000000704200000|100%|HS|  |TAMS 0x0000000704000000, 0x0000000704000000| Complete 
|   6|0x0000000704200000, 0x0000000704400000, 0x0000000704400000|100%| O|  |TAMS 0x0000000704200000, 0x0000000704200000| Untracked 
|   7|0x0000000704400000, 0x0000000704600000, 0x0000000704600000|100%| O|  |TAMS 0x0000000704400000, 0x0000000704400000| Untracked 
|   8|0x0000000704600000, 0x0000000704800000, 0x0000000704800000|100%| O|  |TAMS 0x0000000704600000, 0x0000000704600000| Untracked 
|   9|0x0000000704800000, 0x0000000704a00000, 0x0000000704a00000|100%| O|  |TAMS 0x0000000704800000, 0x0000000704800000| Untracked 
|  10|0x0000000704a00000, 0x0000000704c00000, 0x0000000704c00000|100%| O|  |TAMS 0x0000000704a00000, 0x0000000704a00000| Untracked 
|  11|0x0000000704c00000, 0x0000000704e00000, 0x0000000704e00000|100%| O|  |TAMS 0x0000000704c00000, 0x0000000704c00000| Untracked 
|  12|0x0000000704e00000, 0x0000000705000000, 0x0000000705000000|100%|HS|  |TAMS 0x0000000704e00000, 0x0000000704e00000| Complete 
|  13|0x0000000705000000, 0x0000000705200000, 0x0000000705200000|100%|HC|  |TAMS 0x0000000705000000, 0x0000000705000000| Complete 
|  14|0x0000000705200000, 0x0000000705400000, 0x0000000705400000|100%| O|  |TAMS 0x0000000705200000, 0x0000000705200000| Untracked 
|  15|0x0000000705400000, 0x0000000705600000, 0x0000000705600000|100%| O|  |TAMS 0x0000000705400000, 0x0000000705400000| Untracked 
|  16|0x0000000705600000, 0x0000000705800000, 0x0000000705800000|100%| O|  |TAMS 0x0000000705600000, 0x0000000705600000| Untracked 
|  17|0x0000000705800000, 0x0000000705a00000, 0x0000000705a00000|100%| O|  |TAMS 0x0000000705800000, 0x0000000705800000| Untracked 
|  18|0x0000000705a00000, 0x0000000705c00000, 0x0000000705c00000|100%| O|  |TAMS 0x0000000705a00000, 0x0000000705a00000| Untracked 
|  19|0x0000000705c00000, 0x0000000705e00000, 0x0000000705e00000|100%| O|  |TAMS 0x0000000705c00000, 0x0000000705c00000| Untracked 
|  20|0x0000000705e00000, 0x0000000706000000, 0x0000000706000000|100%| O|  |TAMS 0x0000000705e00000, 0x0000000705e00000| Untracked 
|  21|0x0000000706000000, 0x0000000706200000, 0x0000000706200000|100%| O|  |TAMS 0x0000000706000000, 0x0000000706000000| Untracked 
|  22|0x0000000706200000, 0x0000000706400000, 0x0000000706400000|100%| O|  |TAMS 0x0000000706200000, 0x0000000706200000| Untracked 
|  23|0x0000000706400000, 0x0000000706600000, 0x0000000706600000|100%| O|  |TAMS 0x0000000706400000, 0x0000000706400000| Untracked 
|  24|0x0000000706600000, 0x0000000706800000, 0x0000000706800000|100%| O|  |TAMS 0x0000000706600000, 0x0000000706600000| Untracked 
|  25|0x0000000706800000, 0x0000000706a00000, 0x0000000706a00000|100%| O|  |TAMS 0x0000000706800000, 0x0000000706800000| Untracked 
|  26|0x0000000706a00000, 0x0000000706c00000, 0x0000000706c00000|100%|HS|  |TAMS 0x0000000706a00000, 0x0000000706a00000| Complete 
|  27|0x0000000706c00000, 0x0000000706e00000, 0x0000000706e00000|100%|HC|  |TAMS 0x0000000706c00000, 0x0000000706c00000| Complete 
|  28|0x0000000706e00000, 0x0000000707000000, 0x0000000707000000|100%|HS|  |TAMS 0x0000000706e00000, 0x0000000706e00000| Complete 
|  29|0x0000000707000000, 0x0000000707200000, 0x0000000707200000|100%|HC|  |TAMS 0x0000000707000000, 0x0000000707000000| Complete 
|  30|0x0000000707200000, 0x0000000707400000, 0x0000000707400000|100%|HC|  |TAMS 0x0000000707200000, 0x0000000707200000| Complete 
|  31|0x0000000707400000, 0x0000000707600000, 0x0000000707600000|100%| O|  |TAMS 0x0000000707400000, 0x0000000707400000| Untracked 
|  32|0x0000000707600000, 0x0000000707800000, 0x0000000707800000|100%| O|  |TAMS 0x0000000707600000, 0x0000000707600000| Untracked 
|  33|0x0000000707800000, 0x0000000707a00000, 0x0000000707a00000|100%| O|  |TAMS 0x0000000707800000, 0x0000000707800000| Untracked 
|  34|0x0000000707a00000, 0x0000000707c00000, 0x0000000707c00000|100%| O|  |TAMS 0x0000000707a00000, 0x0000000707a00000| Untracked 
|  35|0x0000000707c00000, 0x0000000707e00000, 0x0000000707e00000|100%| O|  |TAMS 0x0000000707c00000, 0x0000000707c00000| Untracked 
|  36|0x0000000707e00000, 0x0000000708000000, 0x0000000708000000|100%| O|  |TAMS 0x0000000707e00000, 0x0000000707e00000| Untracked 
|  37|0x0000000708000000, 0x0000000708200000, 0x0000000708200000|100%| O|  |TAMS 0x0000000708000000, 0x0000000708000000| Untracked 
|  38|0x0000000708200000, 0x0000000708400000, 0x0000000708400000|100%| O|  |TAMS 0x0000000708200000, 0x0000000708200000| Untracked 
|  39|0x0000000708400000, 0x0000000708600000, 0x0000000708600000|100%| O|  |TAMS 0x0000000708400000, 0x0000000708400000| Untracked 
|  40|0x0000000708600000, 0x0000000708800000, 0x0000000708800000|100%| O|  |TAMS 0x0000000708600000, 0x0000000708600000| Untracked 
|  41|0x0000000708800000, 0x0000000708a00000, 0x0000000708a00000|100%| O|  |TAMS 0x0000000708800000, 0x0000000708800000| Untracked 
|  42|0x0000000708a00000, 0x0000000708c00000, 0x0000000708c00000|100%| O|  |TAMS 0x0000000708a00000, 0x0000000708a00000| Untracked 
|  43|0x0000000708c00000, 0x0000000708e00000, 0x0000000708e00000|100%| O|  |TAMS 0x0000000708c00000, 0x0000000708c00000| Untracked 
|  44|0x0000000708e00000, 0x0000000709000000, 0x0000000709000000|100%| O|  |TAMS 0x0000000708e00000, 0x0000000708e00000| Untracked 
|  45|0x0000000709000000, 0x0000000709200000, 0x0000000709200000|100%| O|  |TAMS 0x0000000709000000, 0x0000000709000000| Untracked 
|  46|0x0000000709200000, 0x0000000709400000, 0x0000000709400000|100%| O|  |TAMS 0x0000000709200000, 0x0000000709200000| Untracked 
|  47|0x0000000709400000, 0x0000000709600000, 0x0000000709600000|100%| O|  |TAMS 0x0000000709400000, 0x0000000709400000| Untracked 
|  48|0x0000000709600000, 0x0000000709800000, 0x0000000709800000|100%| O|  |TAMS 0x0000000709600000, 0x0000000709600000| Untracked 
|  49|0x0000000709800000, 0x0000000709a00000, 0x0000000709a00000|100%| O|  |TAMS 0x0000000709800000, 0x0000000709800000| Untracked 
|  50|0x0000000709a00000, 0x0000000709c00000, 0x0000000709c00000|100%| O|  |TAMS 0x0000000709a00000, 0x0000000709a00000| Untracked 
|  51|0x0000000709c00000, 0x0000000709e00000, 0x0000000709e00000|100%| O|  |TAMS 0x0000000709c00000, 0x0000000709c00000| Untracked 
|  52|0x0000000709e00000, 0x000000070a000000, 0x000000070a000000|100%| O|  |TAMS 0x0000000709e00000, 0x0000000709e00000| Untracked 
|  53|0x000000070a000000, 0x000000070a200000, 0x000000070a200000|100%| O|  |TAMS 0x000000070a000000, 0x000000070a000000| Untracked 
|  54|0x000000070a200000, 0x000000070a400000, 0x000000070a400000|100%| O|  |TAMS 0x000000070a200000, 0x000000070a200000| Untracked 
|  55|0x000000070a400000, 0x000000070a600000, 0x000000070a600000|100%| O|  |TAMS 0x000000070a400000, 0x000000070a400000| Untracked 
|  56|0x000000070a600000, 0x000000070a800000, 0x000000070a800000|100%| O|  |TAMS 0x000000070a600000, 0x000000070a600000| Untracked 
|  57|0x000000070a800000, 0x000000070aa00000, 0x000000070aa00000|100%| O|  |TAMS 0x000000070a800000, 0x000000070a800000| Untracked 
|  58|0x000000070aa00000, 0x000000070ac00000, 0x000000070ac00000|100%| O|  |TAMS 0x000000070aa00000, 0x000000070aa00000| Untracked 
|  59|0x000000070ac00000, 0x000000070ae00000, 0x000000070ae00000|100%| O|  |TAMS 0x000000070ac00000, 0x000000070ac00000| Untracked 
|  60|0x000000070ae00000, 0x000000070b000000, 0x000000070b000000|100%| O|  |TAMS 0x000000070ae00000, 0x000000070ae00000| Untracked 
|  61|0x000000070b000000, 0x000000070b200000, 0x000000070b200000|100%| O|  |TAMS 0x000000070b000000, 0x000000070b000000| Untracked 
|  62|0x000000070b200000, 0x000000070b400000, 0x000000070b400000|100%| O|  |TAMS 0x000000070b200000, 0x000000070b200000| Untracked 
|  63|0x000000070b400000, 0x000000070b600000, 0x000000070b600000|100%| O|  |TAMS 0x000000070b400000, 0x000000070b400000| Untracked 
|  64|0x000000070b600000, 0x000000070b800000, 0x000000070b800000|100%| O|  |TAMS 0x000000070b600000, 0x000000070b600000| Untracked 
|  65|0x000000070b800000, 0x000000070ba00000, 0x000000070ba00000|100%|HS|  |TAMS 0x000000070b800000, 0x000000070b800000| Complete 
|  66|0x000000070ba00000, 0x000000070bc00000, 0x000000070bc00000|100%|HC|  |TAMS 0x000000070ba00000, 0x000000070ba00000| Complete 
|  67|0x000000070bc00000, 0x000000070be00000, 0x000000070be00000|100%|HC|  |TAMS 0x000000070bc00000, 0x000000070bc00000| Complete 
|  68|0x000000070be00000, 0x000000070c000000, 0x000000070c000000|100%|HC|  |TAMS 0x000000070be00000, 0x000000070be00000| Complete 
|  69|0x000000070c000000, 0x000000070c200000, 0x000000070c200000|100%| O|  |TAMS 0x000000070c000000, 0x000000070c000000| Untracked 
|  70|0x000000070c200000, 0x000000070c400000, 0x000000070c400000|100%| O|  |TAMS 0x000000070c200000, 0x000000070c200000| Untracked 
|  71|0x000000070c400000, 0x000000070c600000, 0x000000070c600000|100%| O|  |TAMS 0x000000070c400000, 0x000000070c400000| Untracked 
|  72|0x000000070c600000, 0x000000070c800000, 0x000000070c800000|100%| O|  |TAMS 0x000000070c600000, 0x000000070c600000| Untracked 
|  73|0x000000070c800000, 0x000000070ca00000, 0x000000070ca00000|100%| O|  |TAMS 0x000000070c800000, 0x000000070c800000| Untracked 
|  74|0x000000070ca00000, 0x000000070cc00000, 0x000000070cc00000|100%| O|  |TAMS 0x000000070ca00000, 0x000000070ca00000| Untracked 
|  75|0x000000070cc00000, 0x000000070ce00000, 0x000000070ce00000|100%| O|  |TAMS 0x000000070cc00000, 0x000000070cc00000| Untracked 
|  76|0x000000070ce00000, 0x000000070d000000, 0x000000070d000000|100%| O|  |TAMS 0x000000070ce00000, 0x000000070ce00000| Untracked 
|  77|0x000000070d000000, 0x000000070d200000, 0x000000070d200000|100%| O|  |TAMS 0x000000070d000000, 0x000000070d000000| Untracked 
|  78|0x000000070d200000, 0x000000070d400000, 0x000000070d400000|100%| O|  |TAMS 0x000000070d200000, 0x000000070d200000| Untracked 
|  79|0x000000070d400000, 0x000000070d600000, 0x000000070d600000|100%| O|  |TAMS 0x000000070d400000, 0x000000070d400000| Untracked 
|  80|0x000000070d600000, 0x000000070d800000, 0x000000070d800000|100%| O|  |TAMS 0x000000070d600000, 0x000000070d600000| Untracked 
|  81|0x000000070d800000, 0x000000070da00000, 0x000000070da00000|100%| O|  |TAMS 0x000000070d800000, 0x000000070d800000| Untracked 
|  82|0x000000070da00000, 0x000000070dc00000, 0x000000070dc00000|100%| O|  |TAMS 0x000000070da00000, 0x000000070da00000| Untracked 
|  83|0x000000070dc00000, 0x000000070de00000, 0x000000070de00000|100%| O|  |TAMS 0x000000070dc00000, 0x000000070dc00000| Untracked 
|  84|0x000000070de00000, 0x000000070e000000, 0x000000070e000000|100%| O|  |TAMS 0x000000070de00000, 0x000000070de00000| Untracked 
|  85|0x000000070e000000, 0x000000070e200000, 0x000000070e200000|100%| O|  |TAMS 0x000000070e000000, 0x000000070e000000| Untracked 
|  86|0x000000070e200000, 0x000000070e400000, 0x000000070e400000|100%| O|  |TAMS 0x000000070e200000, 0x000000070e200000| Untracked 
|  87|0x000000070e400000, 0x000000070e600000, 0x000000070e600000|100%| O|  |TAMS 0x000000070e400000, 0x000000070e400000| Untracked 
|  88|0x000000070e600000, 0x000000070e800000, 0x000000070e800000|100%| O|  |TAMS 0x000000070e600000, 0x000000070e600000| Untracked 
|  89|0x000000070e800000, 0x000000070ea00000, 0x000000070ea00000|100%| O|  |TAMS 0x000000070e800000, 0x000000070e800000| Untracked 
|  90|0x000000070ea00000, 0x000000070ec00000, 0x000000070ec00000|100%| O|  |TAMS 0x000000070ea00000, 0x000000070ea00000| Untracked 
|  91|0x000000070ec00000, 0x000000070ee00000, 0x000000070ee00000|100%| O|  |TAMS 0x000000070ec00000, 0x000000070ec00000| Untracked 
|  92|0x000000070ee00000, 0x000000070f000000, 0x000000070f000000|100%|HS|  |TAMS 0x000000070ee00000, 0x000000070ee00000| Complete 
|  93|0x000000070f000000, 0x000000070f200000, 0x000000070f200000|100%|HC|  |TAMS 0x000000070f000000, 0x000000070f000000| Complete 
|  94|0x000000070f200000, 0x000000070f400000, 0x000000070f400000|100%|HC|  |TAMS 0x000000070f200000, 0x000000070f200000| Complete 
|  95|0x000000070f400000, 0x000000070f600000, 0x000000070f600000|100%|HC|  |TAMS 0x000000070f400000, 0x000000070f400000| Complete 
|  96|0x000000070f600000, 0x000000070f800000, 0x000000070f800000|100%|HC|  |TAMS 0x000000070f600000, 0x000000070f600000| Complete 
|  97|0x000000070f800000, 0x000000070fa00000, 0x000000070fa00000|100%|HC|  |TAMS 0x000000070f800000, 0x000000070f800000| Complete 
|  98|0x000000070fa00000, 0x000000070fc00000, 0x000000070fc00000|100%| O|  |TAMS 0x000000070fa00000, 0x000000070fa00000| Untracked 
|  99|0x000000070fc00000, 0x000000070fe00000, 0x000000070fe00000|100%| O|  |TAMS 0x000000070fc00000, 0x000000070fc00000| Untracked 
| 100|0x000000070fe00000, 0x0000000710000000, 0x0000000710000000|100%| O|  |TAMS 0x000000070fe00000, 0x000000070fe00000| Untracked 
| 101|0x0000000710000000, 0x0000000710200000, 0x0000000710200000|100%| O|  |TAMS 0x0000000710000000, 0x0000000710000000| Untracked 
| 102|0x0000000710200000, 0x0000000710400000, 0x0000000710400000|100%| O|  |TAMS 0x0000000710200000, 0x0000000710200000| Untracked 
| 103|0x0000000710400000, 0x0000000710600000, 0x0000000710600000|100%| O|  |TAMS 0x0000000710400000, 0x0000000710400000| Untracked 
| 104|0x0000000710600000, 0x0000000710800000, 0x0000000710800000|100%| O|  |TAMS 0x0000000710600000, 0x0000000710600000| Untracked 
| 105|0x0000000710800000, 0x0000000710a00000, 0x0000000710a00000|100%| O|  |TAMS 0x0000000710800000, 0x0000000710800000| Untracked 
| 106|0x0000000710a00000, 0x0000000710c00000, 0x0000000710c00000|100%| O|  |TAMS 0x0000000710a00000, 0x0000000710a00000| Untracked 
| 107|0x0000000710c00000, 0x0000000710e00000, 0x0000000710e00000|100%| O|  |TAMS 0x0000000710c00000, 0x0000000710c00000| Untracked 
| 108|0x0000000710e00000, 0x0000000711000000, 0x0000000711000000|100%| O|  |TAMS 0x0000000710e00000, 0x0000000710e00000| Untracked 
| 109|0x0000000711000000, 0x0000000711200000, 0x0000000711200000|100%| O|  |TAMS 0x0000000711000000, 0x0000000711000000| Untracked 
| 110|0x0000000711200000, 0x0000000711400000, 0x0000000711400000|100%| O|  |TAMS 0x0000000711200000, 0x0000000711200000| Untracked 
| 111|0x0000000711400000, 0x0000000711600000, 0x0000000711600000|100%| O|  |TAMS 0x0000000711400000, 0x0000000711400000| Untracked 
| 112|0x0000000711600000, 0x0000000711800000, 0x0000000711800000|100%| O|  |TAMS 0x0000000711600000, 0x0000000711600000| Untracked 
| 113|0x0000000711800000, 0x0000000711a00000, 0x0000000711a00000|100%| O|  |TAMS 0x0000000711800000, 0x0000000711800000| Untracked 
| 114|0x0000000711a00000, 0x0000000711c00000, 0x0000000711c00000|100%| O|  |TAMS 0x0000000711a00000, 0x0000000711a00000| Untracked 
| 115|0x0000000711c00000, 0x0000000711e00000, 0x0000000711e00000|100%| O|  |TAMS 0x0000000711c00000, 0x0000000711c00000| Untracked 
| 116|0x0000000711e00000, 0x0000000712000000, 0x0000000712000000|100%| O|  |TAMS 0x0000000711e00000, 0x0000000711e00000| Untracked 
| 117|0x0000000712000000, 0x0000000712200000, 0x0000000712200000|100%| O|  |TAMS 0x0000000712000000, 0x0000000712000000| Untracked 
| 118|0x0000000712200000, 0x0000000712400000, 0x0000000712400000|100%| O|  |TAMS 0x0000000712200000, 0x0000000712200000| Untracked 
| 119|0x0000000712400000, 0x0000000712600000, 0x0000000712600000|100%| O|  |TAMS 0x0000000712400000, 0x0000000712400000| Untracked 
| 120|0x0000000712600000, 0x0000000712800000, 0x0000000712800000|100%| O|  |TAMS 0x0000000712600000, 0x0000000712600000| Untracked 
| 121|0x0000000712800000, 0x0000000712a00000, 0x0000000712a00000|100%| O|  |TAMS 0x0000000712800000, 0x0000000712800000| Untracked 
| 122|0x0000000712a00000, 0x0000000712c00000, 0x0000000712c00000|100%| O|  |TAMS 0x0000000712a00000, 0x0000000712a00000| Untracked 
| 123|0x0000000712c00000, 0x0000000712e00000, 0x0000000712e00000|100%| O|  |TAMS 0x0000000712c00000, 0x0000000712c00000| Untracked 
| 124|0x0000000712e00000, 0x0000000713000000, 0x0000000713000000|100%| O|  |TAMS 0x0000000712e00000, 0x0000000712e00000| Untracked 
| 125|0x0000000713000000, 0x0000000713200000, 0x0000000713200000|100%| O|  |TAMS 0x0000000713000000, 0x0000000713000000| Untracked 
| 126|0x0000000713200000, 0x0000000713400000, 0x0000000713400000|100%| O|  |TAMS 0x0000000713200000, 0x0000000713200000| Untracked 
| 127|0x0000000713400000, 0x00000007134fba00, 0x0000000713600000| 49%| O|  |TAMS 0x0000000713400000, 0x0000000713400000| Untracked 
| 128|0x0000000713600000, 0x0000000713800000, 0x0000000713800000|100%|HS|  |TAMS 0x0000000713600000, 0x0000000713600000| Complete 
| 129|0x0000000713800000, 0x0000000713a00000, 0x0000000713a00000|100%|HC|  |TAMS 0x0000000713800000, 0x0000000713800000| Complete 
| 130|0x0000000713a00000, 0x0000000713c00000, 0x0000000713c00000|100%|HC|  |TAMS 0x0000000713a00000, 0x0000000713a00000| Complete 
| 131|0x0000000713c00000, 0x0000000713e00000, 0x0000000713e00000|100%|HC|  |TAMS 0x0000000713c00000, 0x0000000713c00000| Complete 
| 132|0x0000000713e00000, 0x0000000714000000, 0x0000000714000000|100%|HC|  |TAMS 0x0000000713e00000, 0x0000000713e00000| Complete 
| 133|0x0000000714000000, 0x0000000714200000, 0x0000000714200000|100%|HC|  |TAMS 0x0000000714000000, 0x0000000714000000| Complete 
| 134|0x0000000714200000, 0x0000000714400000, 0x0000000714400000|100%|HC|  |TAMS 0x0000000714200000, 0x0000000714200000| Complete 
| 135|0x0000000714400000, 0x0000000714600000, 0x0000000714600000|100%|HC|  |TAMS 0x0000000714400000, 0x0000000714400000| Complete 
| 136|0x0000000714600000, 0x0000000714600000, 0x0000000714800000|  0%| F|  |TAMS 0x0000000714600000, 0x0000000714600000| Untracked 
| 137|0x0000000714800000, 0x0000000714800000, 0x0000000714a00000|  0%| F|  |TAMS 0x0000000714800000, 0x0000000714800000| Untracked 
| 138|0x0000000714a00000, 0x0000000714a00000, 0x0000000714c00000|  0%| F|  |TAMS 0x0000000714a00000, 0x0000000714a00000| Untracked 
| 139|0x0000000714c00000, 0x0000000714c00000, 0x0000000714e00000|  0%| F|  |TAMS 0x0000000714c00000, 0x0000000714c00000| Untracked 
| 140|0x0000000714e00000, 0x0000000714e00000, 0x0000000715000000|  0%| F|  |TAMS 0x0000000714e00000, 0x0000000714e00000| Untracked 
| 141|0x0000000715000000, 0x0000000715000000, 0x0000000715200000|  0%| F|  |TAMS 0x0000000715000000, 0x0000000715000000| Untracked 
| 142|0x0000000715200000, 0x0000000715200000, 0x0000000715400000|  0%| F|  |TAMS 0x0000000715200000, 0x0000000715200000| Untracked 
| 143|0x0000000715400000, 0x0000000715400000, 0x0000000715600000|  0%| F|  |TAMS 0x0000000715400000, 0x0000000715400000| Untracked 
| 144|0x0000000715600000, 0x0000000715600000, 0x0000000715800000|  0%| F|  |TAMS 0x0000000715600000, 0x0000000715600000| Untracked 
| 145|0x0000000715800000, 0x0000000715800000, 0x0000000715a00000|  0%| F|  |TAMS 0x0000000715800000, 0x0000000715800000| Untracked 
| 146|0x0000000715a00000, 0x0000000715a00000, 0x0000000715c00000|  0%| F|  |TAMS 0x0000000715a00000, 0x0000000715a00000| Untracked 
| 147|0x0000000715c00000, 0x0000000715c00000, 0x0000000715e00000|  0%| F|  |TAMS 0x0000000715c00000, 0x0000000715c00000| Untracked 
| 148|0x0000000715e00000, 0x0000000715e00000, 0x0000000716000000|  0%| F|  |TAMS 0x0000000715e00000, 0x0000000715e00000| Untracked 
| 149|0x0000000716000000, 0x0000000716000000, 0x0000000716200000|  0%| F|  |TAMS 0x0000000716000000, 0x0000000716000000| Untracked 
| 150|0x0000000716200000, 0x0000000716200000, 0x0000000716400000|  0%| F|  |TAMS 0x0000000716200000, 0x0000000716200000| Untracked 
| 151|0x0000000716400000, 0x0000000716400000, 0x0000000716600000|  0%| F|  |TAMS 0x0000000716400000, 0x0000000716400000| Untracked 
| 152|0x0000000716600000, 0x0000000716600000, 0x0000000716800000|  0%| F|  |TAMS 0x0000000716600000, 0x0000000716600000| Untracked 
| 153|0x0000000716800000, 0x0000000716800000, 0x0000000716a00000|  0%| F|  |TAMS 0x0000000716800000, 0x0000000716800000| Untracked 
| 154|0x0000000716a00000, 0x0000000716a00000, 0x0000000716c00000|  0%| F|  |TAMS 0x0000000716a00000, 0x0000000716a00000| Untracked 
| 155|0x0000000716c00000, 0x0000000716c00000, 0x0000000716e00000|  0%| F|  |TAMS 0x0000000716c00000, 0x0000000716c00000| Untracked 
| 156|0x0000000716e00000, 0x0000000716e00000, 0x0000000717000000|  0%| F|  |TAMS 0x0000000716e00000, 0x0000000716e00000| Untracked 
| 157|0x0000000717000000, 0x0000000717000000, 0x0000000717200000|  0%| F|  |TAMS 0x0000000717000000, 0x0000000717000000| Untracked 
| 158|0x0000000717200000, 0x0000000717200000, 0x0000000717400000|  0%| F|  |TAMS 0x0000000717200000, 0x0000000717200000| Untracked 
| 159|0x0000000717400000, 0x0000000717400000, 0x0000000717600000|  0%| F|  |TAMS 0x0000000717400000, 0x0000000717400000| Untracked 
| 160|0x0000000717600000, 0x0000000717600000, 0x0000000717800000|  0%| F|  |TAMS 0x0000000717600000, 0x0000000717600000| Untracked 
| 161|0x0000000717800000, 0x0000000717800000, 0x0000000717a00000|  0%| F|  |TAMS 0x0000000717800000, 0x0000000717800000| Untracked 
| 162|0x0000000717a00000, 0x0000000717a00000, 0x0000000717c00000|  0%| F|  |TAMS 0x0000000717a00000, 0x0000000717a00000| Untracked 
| 163|0x0000000717c00000, 0x0000000717c00000, 0x0000000717e00000|  0%| F|  |TAMS 0x0000000717c00000, 0x0000000717c00000| Untracked 
| 164|0x0000000717e00000, 0x0000000717e00000, 0x0000000718000000|  0%| F|  |TAMS 0x0000000717e00000, 0x0000000717e00000| Untracked 
| 165|0x0000000718000000, 0x0000000718000000, 0x0000000718200000|  0%| F|  |TAMS 0x0000000718000000, 0x0000000718000000| Untracked 
| 166|0x0000000718200000, 0x0000000718200000, 0x0000000718400000|  0%| F|  |TAMS 0x0000000718200000, 0x0000000718200000| Untracked 
| 167|0x0000000718400000, 0x0000000718400000, 0x0000000718600000|  0%| F|  |TAMS 0x0000000718400000, 0x0000000718400000| Untracked 
| 168|0x0000000718600000, 0x0000000718600000, 0x0000000718800000|  0%| F|  |TAMS 0x0000000718600000, 0x0000000718600000| Untracked 
| 169|0x0000000718800000, 0x0000000718800000, 0x0000000718a00000|  0%| F|  |TAMS 0x0000000718800000, 0x0000000718800000| Untracked 
| 170|0x0000000718a00000, 0x0000000718a00000, 0x0000000718c00000|  0%| F|  |TAMS 0x0000000718a00000, 0x0000000718a00000| Untracked 
| 171|0x0000000718c00000, 0x0000000718c00000, 0x0000000718e00000|  0%| F|  |TAMS 0x0000000718c00000, 0x0000000718c00000| Untracked 
| 172|0x0000000718e00000, 0x0000000718e00000, 0x0000000719000000|  0%| F|  |TAMS 0x0000000718e00000, 0x0000000718e00000| Untracked 
| 173|0x0000000719000000, 0x0000000719000000, 0x0000000719200000|  0%| F|  |TAMS 0x0000000719000000, 0x0000000719000000| Untracked 
| 174|0x0000000719200000, 0x0000000719200000, 0x0000000719400000|  0%| F|  |TAMS 0x0000000719200000, 0x0000000719200000| Untracked 
| 175|0x0000000719400000, 0x0000000719400000, 0x0000000719600000|  0%| F|  |TAMS 0x0000000719400000, 0x0000000719400000| Untracked 
| 176|0x0000000719600000, 0x0000000719600000, 0x0000000719800000|  0%| F|  |TAMS 0x0000000719600000, 0x0000000719600000| Untracked 
| 177|0x0000000719800000, 0x0000000719800000, 0x0000000719a00000|  0%| F|  |TAMS 0x0000000719800000, 0x0000000719800000| Untracked 
| 178|0x0000000719a00000, 0x0000000719a00000, 0x0000000719c00000|  0%| F|  |TAMS 0x0000000719a00000, 0x0000000719a00000| Untracked 
| 179|0x0000000719c00000, 0x0000000719c00000, 0x0000000719e00000|  0%| F|  |TAMS 0x0000000719c00000, 0x0000000719c00000| Untracked 
| 180|0x0000000719e00000, 0x0000000719e00000, 0x000000071a000000|  0%| F|  |TAMS 0x0000000719e00000, 0x0000000719e00000| Untracked 
| 181|0x000000071a000000, 0x000000071a000000, 0x000000071a200000|  0%| F|  |TAMS 0x000000071a000000, 0x000000071a000000| Untracked 
| 182|0x000000071a200000, 0x000000071a200000, 0x000000071a400000|  0%| F|  |TAMS 0x000000071a200000, 0x000000071a200000| Untracked 
| 183|0x000000071a400000, 0x000000071a400000, 0x000000071a600000|  0%| F|  |TAMS 0x000000071a400000, 0x000000071a400000| Untracked 
| 184|0x000000071a600000, 0x000000071a600000, 0x000000071a800000|  0%| F|  |TAMS 0x000000071a600000, 0x000000071a600000| Untracked 
| 185|0x000000071a800000, 0x000000071a800000, 0x000000071aa00000|  0%| F|  |TAMS 0x000000071a800000, 0x000000071a800000| Untracked 
| 186|0x000000071aa00000, 0x000000071aa00000, 0x000000071ac00000|  0%| F|  |TAMS 0x000000071aa00000, 0x000000071aa00000| Untracked 
| 187|0x000000071ac00000, 0x000000071ac00000, 0x000000071ae00000|  0%| F|  |TAMS 0x000000071ac00000, 0x000000071ac00000| Untracked 
| 188|0x000000071ae00000, 0x000000071ae00000, 0x000000071b000000|  0%| F|  |TAMS 0x000000071ae00000, 0x000000071ae00000| Untracked 
| 189|0x000000071b000000, 0x000000071b000000, 0x000000071b200000|  0%| F|  |TAMS 0x000000071b000000, 0x000000071b000000| Untracked 
| 190|0x000000071b200000, 0x000000071b200000, 0x000000071b400000|  0%| F|  |TAMS 0x000000071b200000, 0x000000071b200000| Untracked 
| 191|0x000000071b400000, 0x000000071b400000, 0x000000071b600000|  0%| F|  |TAMS 0x000000071b400000, 0x000000071b400000| Untracked 
| 192|0x000000071b600000, 0x000000071b600000, 0x000000071b800000|  0%| F|  |TAMS 0x000000071b600000, 0x000000071b600000| Untracked 
| 193|0x000000071b800000, 0x000000071b800000, 0x000000071ba00000|  0%| F|  |TAMS 0x000000071b800000, 0x000000071b800000| Untracked 
| 194|0x000000071ba00000, 0x000000071ba00000, 0x000000071bc00000|  0%| F|  |TAMS 0x000000071ba00000, 0x000000071ba00000| Untracked 
| 195|0x000000071bc00000, 0x000000071bc00000, 0x000000071be00000|  0%| F|  |TAMS 0x000000071bc00000, 0x000000071bc00000| Untracked 
| 196|0x000000071be00000, 0x000000071be00000, 0x000000071c000000|  0%| F|  |TAMS 0x000000071be00000, 0x000000071be00000| Untracked 
| 197|0x000000071c000000, 0x000000071c000000, 0x000000071c200000|  0%| F|  |TAMS 0x000000071c000000, 0x000000071c000000| Untracked 
| 198|0x000000071c200000, 0x000000071c200000, 0x000000071c400000|  0%| F|  |TAMS 0x000000071c200000, 0x000000071c200000| Untracked 
| 199|0x000000071c400000, 0x000000071c400000, 0x000000071c600000|  0%| F|  |TAMS 0x000000071c400000, 0x000000071c400000| Untracked 
| 200|0x000000071c600000, 0x000000071c600000, 0x000000071c800000|  0%| F|  |TAMS 0x000000071c600000, 0x000000071c600000| Untracked 
| 201|0x000000071c800000, 0x000000071c800000, 0x000000071ca00000|  0%| F|  |TAMS 0x000000071c800000, 0x000000071c800000| Untracked 
| 202|0x000000071ca00000, 0x000000071ca00000, 0x000000071cc00000|  0%| F|  |TAMS 0x000000071ca00000, 0x000000071ca00000| Untracked 
| 203|0x000000071cc00000, 0x000000071cc00000, 0x000000071ce00000|  0%| F|  |TAMS 0x000000071cc00000, 0x000000071cc00000| Untracked 
| 204|0x000000071ce00000, 0x000000071ce00000, 0x000000071d000000|  0%| F|  |TAMS 0x000000071ce00000, 0x000000071ce00000| Untracked 
| 205|0x000000071d000000, 0x000000071d000000, 0x000000071d200000|  0%| F|  |TAMS 0x000000071d000000, 0x000000071d000000| Untracked 
| 206|0x000000071d200000, 0x000000071d200000, 0x000000071d400000|  0%| F|  |TAMS 0x000000071d200000, 0x000000071d200000| Untracked 
| 207|0x000000071d400000, 0x000000071d400000, 0x000000071d600000|  0%| F|  |TAMS 0x000000071d400000, 0x000000071d400000| Untracked 
| 208|0x000000071d600000, 0x000000071d600000, 0x000000071d800000|  0%| F|  |TAMS 0x000000071d600000, 0x000000071d600000| Untracked 
| 209|0x000000071d800000, 0x000000071d800000, 0x000000071da00000|  0%| F|  |TAMS 0x000000071d800000, 0x000000071d800000| Untracked 
| 210|0x000000071da00000, 0x000000071da00000, 0x000000071dc00000|  0%| F|  |TAMS 0x000000071da00000, 0x000000071da00000| Untracked 
| 211|0x000000071dc00000, 0x000000071dc00000, 0x000000071de00000|  0%| F|  |TAMS 0x000000071dc00000, 0x000000071dc00000| Untracked 
| 212|0x000000071de00000, 0x000000071de00000, 0x000000071e000000|  0%| F|  |TAMS 0x000000071de00000, 0x000000071de00000| Untracked 
| 213|0x000000071e000000, 0x000000071e000000, 0x000000071e200000|  0%| F|  |TAMS 0x000000071e000000, 0x000000071e000000| Untracked 
| 214|0x000000071e200000, 0x000000071e200000, 0x000000071e400000|  0%| F|  |TAMS 0x000000071e200000, 0x000000071e200000| Untracked 
| 215|0x000000071e400000, 0x000000071e400000, 0x000000071e600000|  0%| F|  |TAMS 0x000000071e400000, 0x000000071e400000| Untracked 
| 216|0x000000071e600000, 0x000000071e600000, 0x000000071e800000|  0%| F|  |TAMS 0x000000071e600000, 0x000000071e600000| Untracked 
| 217|0x000000071e800000, 0x000000071e800000, 0x000000071ea00000|  0%| F|  |TAMS 0x000000071e800000, 0x000000071e800000| Untracked 
| 218|0x000000071ea00000, 0x000000071ea00000, 0x000000071ec00000|  0%| F|  |TAMS 0x000000071ea00000, 0x000000071ea00000| Untracked 
| 219|0x000000071ec00000, 0x000000071ec00000, 0x000000071ee00000|  0%| F|  |TAMS 0x000000071ec00000, 0x000000071ec00000| Untracked 
| 220|0x000000071ee00000, 0x000000071ee00000, 0x000000071f000000|  0%| F|  |TAMS 0x000000071ee00000, 0x000000071ee00000| Untracked 
| 221|0x000000071f000000, 0x000000071f000000, 0x000000071f200000|  0%| F|  |TAMS 0x000000071f000000, 0x000000071f000000| Untracked 
| 222|0x000000071f200000, 0x000000071f200000, 0x000000071f400000|  0%| F|  |TAMS 0x000000071f200000, 0x000000071f200000| Untracked 
| 223|0x000000071f400000, 0x000000071f400000, 0x000000071f600000|  0%| F|  |TAMS 0x000000071f400000, 0x000000071f400000| Untracked 
| 224|0x000000071f600000, 0x000000071f600000, 0x000000071f800000|  0%| F|  |TAMS 0x000000071f600000, 0x000000071f600000| Untracked 
| 225|0x000000071f800000, 0x000000071f800000, 0x000000071fa00000|  0%| F|  |TAMS 0x000000071f800000, 0x000000071f800000| Untracked 
| 226|0x000000071fa00000, 0x000000071fa00000, 0x000000071fc00000|  0%| F|  |TAMS 0x000000071fa00000, 0x000000071fa00000| Untracked 
| 227|0x000000071fc00000, 0x000000071fc00000, 0x000000071fe00000|  0%| F|  |TAMS 0x000000071fc00000, 0x000000071fc00000| Untracked 
| 228|0x000000071fe00000, 0x000000071fe00000, 0x0000000720000000|  0%| F|  |TAMS 0x000000071fe00000, 0x000000071fe00000| Untracked 
| 229|0x0000000720000000, 0x0000000720000000, 0x0000000720200000|  0%| F|  |TAMS 0x0000000720000000, 0x0000000720000000| Untracked 
| 230|0x0000000720200000, 0x0000000720200000, 0x0000000720400000|  0%| F|  |TAMS 0x0000000720200000, 0x0000000720200000| Untracked 
| 231|0x0000000720400000, 0x0000000720400000, 0x0000000720600000|  0%| F|  |TAMS 0x0000000720400000, 0x0000000720400000| Untracked 
| 232|0x0000000720600000, 0x0000000720600000, 0x0000000720800000|  0%| F|  |TAMS 0x0000000720600000, 0x0000000720600000| Untracked 
| 233|0x0000000720800000, 0x0000000720800000, 0x0000000720a00000|  0%| F|  |TAMS 0x0000000720800000, 0x0000000720800000| Untracked 
| 234|0x0000000720a00000, 0x0000000720a00000, 0x0000000720c00000|  0%| F|  |TAMS 0x0000000720a00000, 0x0000000720a00000| Untracked 
| 235|0x0000000720c00000, 0x0000000720c00000, 0x0000000720e00000|  0%| F|  |TAMS 0x0000000720c00000, 0x0000000720c00000| Untracked 
| 236|0x0000000720e00000, 0x0000000720e00000, 0x0000000721000000|  0%| F|  |TAMS 0x0000000720e00000, 0x0000000720e00000| Untracked 
| 237|0x0000000721000000, 0x0000000721000000, 0x0000000721200000|  0%| F|  |TAMS 0x0000000721000000, 0x0000000721000000| Untracked 
| 238|0x0000000721200000, 0x0000000721200000, 0x0000000721400000|  0%| F|  |TAMS 0x0000000721200000, 0x0000000721200000| Untracked 
| 239|0x0000000721400000, 0x0000000721400000, 0x0000000721600000|  0%| F|  |TAMS 0x0000000721400000, 0x0000000721400000| Untracked 
| 240|0x0000000721600000, 0x0000000721600000, 0x0000000721800000|  0%| F|  |TAMS 0x0000000721600000, 0x0000000721600000| Untracked 
| 241|0x0000000721800000, 0x0000000721800000, 0x0000000721a00000|  0%| F|  |TAMS 0x0000000721800000, 0x0000000721800000| Untracked 
| 242|0x0000000721a00000, 0x0000000721a00000, 0x0000000721c00000|  0%| F|  |TAMS 0x0000000721a00000, 0x0000000721a00000| Untracked 
| 243|0x0000000721c00000, 0x0000000721c00000, 0x0000000721e00000|  0%| F|  |TAMS 0x0000000721c00000, 0x0000000721c00000| Untracked 
| 244|0x0000000721e00000, 0x0000000721e00000, 0x0000000722000000|  0%| F|  |TAMS 0x0000000721e00000, 0x0000000721e00000| Untracked 
| 245|0x0000000722000000, 0x0000000722000000, 0x0000000722200000|  0%| F|  |TAMS 0x0000000722000000, 0x0000000722000000| Untracked 
| 246|0x0000000722200000, 0x0000000722200000, 0x0000000722400000|  0%| F|  |TAMS 0x0000000722200000, 0x0000000722200000| Untracked 
| 247|0x0000000722400000, 0x0000000722400000, 0x0000000722600000|  0%| F|  |TAMS 0x0000000722400000, 0x0000000722400000| Untracked 
| 248|0x0000000722600000, 0x0000000722600000, 0x0000000722800000|  0%| F|  |TAMS 0x0000000722600000, 0x0000000722600000| Untracked 
| 249|0x0000000722800000, 0x0000000722800000, 0x0000000722a00000|  0%| F|  |TAMS 0x0000000722800000, 0x0000000722800000| Untracked 
| 250|0x0000000722a00000, 0x0000000722a00000, 0x0000000722c00000|  0%| F|  |TAMS 0x0000000722a00000, 0x0000000722a00000| Untracked 
| 251|0x0000000722c00000, 0x0000000722c00000, 0x0000000722e00000|  0%| F|  |TAMS 0x0000000722c00000, 0x0000000722c00000| Untracked 
| 252|0x0000000722e00000, 0x0000000722e00000, 0x0000000723000000|  0%| F|  |TAMS 0x0000000722e00000, 0x0000000722e00000| Untracked 
| 253|0x0000000723000000, 0x0000000723000000, 0x0000000723200000|  0%| F|  |TAMS 0x0000000723000000, 0x0000000723000000| Untracked 
| 254|0x0000000723200000, 0x0000000723200000, 0x0000000723400000|  0%| F|  |TAMS 0x0000000723200000, 0x0000000723200000| Untracked 
| 255|0x0000000723400000, 0x0000000723400000, 0x0000000723600000|  0%| F|  |TAMS 0x0000000723400000, 0x0000000723400000| Untracked 
| 256|0x0000000723600000, 0x0000000723600000, 0x0000000723800000|  0%| F|  |TAMS 0x0000000723600000, 0x0000000723600000| Untracked 
| 257|0x0000000723800000, 0x0000000723800000, 0x0000000723a00000|  0%| F|  |TAMS 0x0000000723800000, 0x0000000723800000| Untracked 
| 258|0x0000000723a00000, 0x0000000723a00000, 0x0000000723c00000|  0%| F|  |TAMS 0x0000000723a00000, 0x0000000723a00000| Untracked 
| 259|0x0000000723c00000, 0x0000000723c00000, 0x0000000723e00000|  0%| F|  |TAMS 0x0000000723c00000, 0x0000000723c00000| Untracked 
| 260|0x0000000723e00000, 0x0000000723e00000, 0x0000000724000000|  0%| F|  |TAMS 0x0000000723e00000, 0x0000000723e00000| Untracked 
| 261|0x0000000724000000, 0x0000000724000000, 0x0000000724200000|  0%| F|  |TAMS 0x0000000724000000, 0x0000000724000000| Untracked 
| 262|0x0000000724200000, 0x0000000724200000, 0x0000000724400000|  0%| F|  |TAMS 0x0000000724200000, 0x0000000724200000| Untracked 
| 263|0x0000000724400000, 0x0000000724400000, 0x0000000724600000|  0%| F|  |TAMS 0x0000000724400000, 0x0000000724400000| Untracked 
| 264|0x0000000724600000, 0x0000000724600000, 0x0000000724800000|  0%| F|  |TAMS 0x0000000724600000, 0x0000000724600000| Untracked 
| 265|0x0000000724800000, 0x0000000724800000, 0x0000000724a00000|  0%| F|  |TAMS 0x0000000724800000, 0x0000000724800000| Untracked 
| 266|0x0000000724a00000, 0x0000000724a00000, 0x0000000724c00000|  0%| F|  |TAMS 0x0000000724a00000, 0x0000000724a00000| Untracked 
| 267|0x0000000724c00000, 0x0000000724c00000, 0x0000000724e00000|  0%| F|  |TAMS 0x0000000724c00000, 0x0000000724c00000| Untracked 
| 268|0x0000000724e00000, 0x0000000724e00000, 0x0000000725000000|  0%| F|  |TAMS 0x0000000724e00000, 0x0000000724e00000| Untracked 
| 269|0x0000000725000000, 0x0000000725000000, 0x0000000725200000|  0%| F|  |TAMS 0x0000000725000000, 0x0000000725000000| Untracked 
| 270|0x0000000725200000, 0x0000000725200000, 0x0000000725400000|  0%| F|  |TAMS 0x0000000725200000, 0x0000000725200000| Untracked 
| 271|0x0000000725400000, 0x0000000725400000, 0x0000000725600000|  0%| F|  |TAMS 0x0000000725400000, 0x0000000725400000| Untracked 
| 272|0x0000000725600000, 0x0000000725600000, 0x0000000725800000|  0%| F|  |TAMS 0x0000000725600000, 0x0000000725600000| Untracked 
| 273|0x0000000725800000, 0x0000000725800000, 0x0000000725a00000|  0%| F|  |TAMS 0x0000000725800000, 0x0000000725800000| Untracked 
| 274|0x0000000725a00000, 0x0000000725a00000, 0x0000000725c00000|  0%| F|  |TAMS 0x0000000725a00000, 0x0000000725a00000| Untracked 
| 275|0x0000000725c00000, 0x0000000725c00000, 0x0000000725e00000|  0%| F|  |TAMS 0x0000000725c00000, 0x0000000725c00000| Untracked 
| 276|0x0000000725e00000, 0x0000000725e00000, 0x0000000726000000|  0%| F|  |TAMS 0x0000000725e00000, 0x0000000725e00000| Untracked 
| 277|0x0000000726000000, 0x0000000726000000, 0x0000000726200000|  0%| F|  |TAMS 0x0000000726000000, 0x0000000726000000| Untracked 
| 278|0x0000000726200000, 0x0000000726200000, 0x0000000726400000|  0%| F|  |TAMS 0x0000000726200000, 0x0000000726200000| Untracked 
| 279|0x0000000726400000, 0x0000000726400000, 0x0000000726600000|  0%| F|  |TAMS 0x0000000726400000, 0x0000000726400000| Untracked 
| 280|0x0000000726600000, 0x0000000726600000, 0x0000000726800000|  0%| F|  |TAMS 0x0000000726600000, 0x0000000726600000| Untracked 
| 281|0x0000000726800000, 0x0000000726800000, 0x0000000726a00000|  0%| F|  |TAMS 0x0000000726800000, 0x0000000726800000| Untracked 
| 282|0x0000000726a00000, 0x0000000726a00000, 0x0000000726c00000|  0%| F|  |TAMS 0x0000000726a00000, 0x0000000726a00000| Untracked 
| 283|0x0000000726c00000, 0x0000000726c00000, 0x0000000726e00000|  0%| F|  |TAMS 0x0000000726c00000, 0x0000000726c00000| Untracked 
| 284|0x0000000726e00000, 0x0000000726e00000, 0x0000000727000000|  0%| F|  |TAMS 0x0000000726e00000, 0x0000000726e00000| Untracked 
| 285|0x0000000727000000, 0x0000000727000000, 0x0000000727200000|  0%| F|  |TAMS 0x0000000727000000, 0x0000000727000000| Untracked 
| 286|0x0000000727200000, 0x0000000727200000, 0x0000000727400000|  0%| F|  |TAMS 0x0000000727200000, 0x0000000727200000| Untracked 
| 287|0x0000000727400000, 0x0000000727400000, 0x0000000727600000|  0%| F|  |TAMS 0x0000000727400000, 0x0000000727400000| Untracked 
| 288|0x0000000727600000, 0x0000000727600000, 0x0000000727800000|  0%| F|  |TAMS 0x0000000727600000, 0x0000000727600000| Untracked 
| 289|0x0000000727800000, 0x0000000727800000, 0x0000000727a00000|  0%| F|  |TAMS 0x0000000727800000, 0x0000000727800000| Untracked 
| 290|0x0000000727a00000, 0x0000000727a00000, 0x0000000727c00000|  0%| F|  |TAMS 0x0000000727a00000, 0x0000000727a00000| Untracked 
| 291|0x0000000727c00000, 0x0000000727c00000, 0x0000000727e00000|  0%| F|  |TAMS 0x0000000727c00000, 0x0000000727c00000| Untracked 
| 292|0x0000000727e00000, 0x0000000727e00000, 0x0000000728000000|  0%| F|  |TAMS 0x0000000727e00000, 0x0000000727e00000| Untracked 
| 293|0x0000000728000000, 0x0000000728000000, 0x0000000728200000|  0%| F|  |TAMS 0x0000000728000000, 0x0000000728000000| Untracked 
| 294|0x0000000728200000, 0x0000000728200000, 0x0000000728400000|  0%| F|  |TAMS 0x0000000728200000, 0x0000000728200000| Untracked 
| 295|0x0000000728400000, 0x0000000728400000, 0x0000000728600000|  0%| F|  |TAMS 0x0000000728400000, 0x0000000728400000| Untracked 
| 296|0x0000000728600000, 0x0000000728600000, 0x0000000728800000|  0%| F|  |TAMS 0x0000000728600000, 0x0000000728600000| Untracked 
| 297|0x0000000728800000, 0x0000000728800000, 0x0000000728a00000|  0%| F|  |TAMS 0x0000000728800000, 0x0000000728800000| Untracked 
| 298|0x0000000728a00000, 0x0000000728a00000, 0x0000000728c00000|  0%| F|  |TAMS 0x0000000728a00000, 0x0000000728a00000| Untracked 
| 299|0x0000000728c00000, 0x0000000728c00000, 0x0000000728e00000|  0%| F|  |TAMS 0x0000000728c00000, 0x0000000728c00000| Untracked 
| 300|0x0000000728e00000, 0x0000000728e00000, 0x0000000729000000|  0%| F|  |TAMS 0x0000000728e00000, 0x0000000728e00000| Untracked 
| 301|0x0000000729000000, 0x0000000729000000, 0x0000000729200000|  0%| F|  |TAMS 0x0000000729000000, 0x0000000729000000| Untracked 
| 302|0x0000000729200000, 0x0000000729200000, 0x0000000729400000|  0%| F|  |TAMS 0x0000000729200000, 0x0000000729200000| Untracked 
| 303|0x0000000729400000, 0x0000000729400000, 0x0000000729600000|  0%| F|  |TAMS 0x0000000729400000, 0x0000000729400000| Untracked 
| 304|0x0000000729600000, 0x0000000729600000, 0x0000000729800000|  0%| F|  |TAMS 0x0000000729600000, 0x0000000729600000| Untracked 
| 305|0x0000000729800000, 0x0000000729800000, 0x0000000729a00000|  0%| F|  |TAMS 0x0000000729800000, 0x0000000729800000| Untracked 
| 306|0x0000000729a00000, 0x0000000729a00000, 0x0000000729c00000|  0%| F|  |TAMS 0x0000000729a00000, 0x0000000729a00000| Untracked 
| 307|0x0000000729c00000, 0x0000000729c00000, 0x0000000729e00000|  0%| F|  |TAMS 0x0000000729c00000, 0x0000000729c00000| Untracked 
| 308|0x0000000729e00000, 0x0000000729e00000, 0x000000072a000000|  0%| F|  |TAMS 0x0000000729e00000, 0x0000000729e00000| Untracked 
| 309|0x000000072a000000, 0x000000072a000000, 0x000000072a200000|  0%| F|  |TAMS 0x000000072a000000, 0x000000072a000000| Untracked 
| 310|0x000000072a200000, 0x000000072a200000, 0x000000072a400000|  0%| F|  |TAMS 0x000000072a200000, 0x000000072a200000| Untracked 
| 311|0x000000072a400000, 0x000000072a400000, 0x000000072a600000|  0%| F|  |TAMS 0x000000072a400000, 0x000000072a400000| Untracked 
| 312|0x000000072a600000, 0x000000072a600000, 0x000000072a800000|  0%| F|  |TAMS 0x000000072a600000, 0x000000072a600000| Untracked 
| 313|0x000000072a800000, 0x000000072a800000, 0x000000072aa00000|  0%| F|  |TAMS 0x000000072a800000, 0x000000072a800000| Untracked 
| 314|0x000000072aa00000, 0x000000072aa00000, 0x000000072ac00000|  0%| F|  |TAMS 0x000000072aa00000, 0x000000072aa00000| Untracked 
| 315|0x000000072ac00000, 0x000000072ac00000, 0x000000072ae00000|  0%| F|  |TAMS 0x000000072ac00000, 0x000000072ac00000| Untracked 
| 316|0x000000072ae00000, 0x000000072ae00000, 0x000000072b000000|  0%| F|  |TAMS 0x000000072ae00000, 0x000000072ae00000| Untracked 
| 317|0x000000072b000000, 0x000000072b000000, 0x000000072b200000|  0%| F|  |TAMS 0x000000072b000000, 0x000000072b000000| Untracked 
| 318|0x000000072b200000, 0x000000072b200000, 0x000000072b400000|  0%| F|  |TAMS 0x000000072b200000, 0x000000072b200000| Untracked 
| 319|0x000000072b400000, 0x000000072b400000, 0x000000072b600000|  0%| F|  |TAMS 0x000000072b400000, 0x000000072b400000| Untracked 
| 320|0x000000072b600000, 0x000000072b600000, 0x000000072b800000|  0%| F|  |TAMS 0x000000072b600000, 0x000000072b600000| Untracked 
| 321|0x000000072b800000, 0x000000072b800000, 0x000000072ba00000|  0%| F|  |TAMS 0x000000072b800000, 0x000000072b800000| Untracked 
| 322|0x000000072ba00000, 0x000000072ba00000, 0x000000072bc00000|  0%| F|  |TAMS 0x000000072ba00000, 0x000000072ba00000| Untracked 
| 323|0x000000072bc00000, 0x000000072bc00000, 0x000000072be00000|  0%| F|  |TAMS 0x000000072bc00000, 0x000000072bc00000| Untracked 
| 324|0x000000072be00000, 0x000000072be00000, 0x000000072c000000|  0%| F|  |TAMS 0x000000072be00000, 0x000000072be00000| Untracked 
| 325|0x000000072c000000, 0x000000072c000000, 0x000000072c200000|  0%| F|  |TAMS 0x000000072c000000, 0x000000072c000000| Untracked 
| 326|0x000000072c200000, 0x000000072c200000, 0x000000072c400000|  0%| F|  |TAMS 0x000000072c200000, 0x000000072c200000| Untracked 
| 327|0x000000072c400000, 0x000000072c400000, 0x000000072c600000|  0%| F|  |TAMS 0x000000072c400000, 0x000000072c400000| Untracked 
| 328|0x000000072c600000, 0x000000072c600000, 0x000000072c800000|  0%| F|  |TAMS 0x000000072c600000, 0x000000072c600000| Untracked 
| 329|0x000000072c800000, 0x000000072c800000, 0x000000072ca00000|  0%| F|  |TAMS 0x000000072c800000, 0x000000072c800000| Untracked 
| 330|0x000000072ca00000, 0x000000072ca00000, 0x000000072cc00000|  0%| F|  |TAMS 0x000000072ca00000, 0x000000072ca00000| Untracked 
| 331|0x000000072cc00000, 0x000000072cc00000, 0x000000072ce00000|  0%| F|  |TAMS 0x000000072cc00000, 0x000000072cc00000| Untracked 
| 332|0x000000072ce00000, 0x000000072ce00000, 0x000000072d000000|  0%| F|  |TAMS 0x000000072ce00000, 0x000000072ce00000| Untracked 
| 333|0x000000072d000000, 0x000000072d000000, 0x000000072d200000|  0%| F|  |TAMS 0x000000072d000000, 0x000000072d000000| Untracked 
| 334|0x000000072d200000, 0x000000072d200000, 0x000000072d400000|  0%| F|  |TAMS 0x000000072d200000, 0x000000072d200000| Untracked 
| 335|0x000000072d400000, 0x000000072d400000, 0x000000072d600000|  0%| F|  |TAMS 0x000000072d400000, 0x000000072d400000| Untracked 
| 336|0x000000072d600000, 0x000000072d600000, 0x000000072d800000|  0%| F|  |TAMS 0x000000072d600000, 0x000000072d600000| Untracked 
| 337|0x000000072d800000, 0x000000072d800000, 0x000000072da00000|  0%| F|  |TAMS 0x000000072d800000, 0x000000072d800000| Untracked 
| 338|0x000000072da00000, 0x000000072da00000, 0x000000072dc00000|  0%| F|  |TAMS 0x000000072da00000, 0x000000072da00000| Untracked 
| 339|0x000000072dc00000, 0x000000072dc00000, 0x000000072de00000|  0%| F|  |TAMS 0x000000072dc00000, 0x000000072dc00000| Untracked 
| 340|0x000000072de00000, 0x000000072de00000, 0x000000072e000000|  0%| F|  |TAMS 0x000000072de00000, 0x000000072de00000| Untracked 
| 341|0x000000072e000000, 0x000000072e000000, 0x000000072e200000|  0%| F|  |TAMS 0x000000072e000000, 0x000000072e000000| Untracked 
| 342|0x000000072e200000, 0x000000072e400000, 0x000000072e400000|100%| E|  |TAMS 0x000000072e200000, 0x000000072e200000| Complete 
| 343|0x000000072e400000, 0x000000072e600000, 0x000000072e600000|100%| E|CS|TAMS 0x000000072e400000, 0x000000072e400000| Complete 
| 344|0x000000072e600000, 0x000000072e800000, 0x000000072e800000|100%| S|CS|TAMS 0x000000072e600000, 0x000000072e600000| Complete 
| 345|0x000000072e800000, 0x000000072ea00000, 0x000000072ea00000|100%| S|CS|TAMS 0x000000072e800000, 0x000000072e800000| Complete 
| 346|0x000000072ea00000, 0x000000072ec00000, 0x000000072ec00000|100%| S|CS|TAMS 0x000000072ea00000, 0x000000072ea00000| Complete 
| 347|0x000000072ec00000, 0x000000072ee00000, 0x000000072ee00000|100%| S|CS|TAMS 0x000000072ec00000, 0x000000072ec00000| Complete 
| 348|0x000000072ee00000, 0x000000072f000000, 0x000000072f000000|100%| E|CS|TAMS 0x000000072ee00000, 0x000000072ee00000| Complete 
| 349|0x000000072f000000, 0x000000072f200000, 0x000000072f200000|100%| E|CS|TAMS 0x000000072f000000, 0x000000072f000000| Complete 
| 350|0x000000072f200000, 0x000000072f400000, 0x000000072f400000|100%| E|CS|TAMS 0x000000072f200000, 0x000000072f200000| Complete 
| 351|0x000000072f400000, 0x000000072f600000, 0x000000072f600000|100%| E|CS|TAMS 0x000000072f400000, 0x000000072f400000| Complete 
| 352|0x000000072f600000, 0x000000072f800000, 0x000000072f800000|100%| E|CS|TAMS 0x000000072f600000, 0x000000072f600000| Complete 
| 353|0x000000072f800000, 0x000000072fa00000, 0x000000072fa00000|100%| E|CS|TAMS 0x000000072f800000, 0x000000072f800000| Complete 
| 354|0x000000072fa00000, 0x000000072fc00000, 0x000000072fc00000|100%| E|CS|TAMS 0x000000072fa00000, 0x000000072fa00000| Complete 
| 355|0x000000072fc00000, 0x000000072fe00000, 0x000000072fe00000|100%| E|CS|TAMS 0x000000072fc00000, 0x000000072fc00000| Complete 
| 356|0x000000072fe00000, 0x0000000730000000, 0x0000000730000000|100%| E|CS|TAMS 0x000000072fe00000, 0x000000072fe00000| Complete 
| 357|0x0000000730000000, 0x0000000730200000, 0x0000000730200000|100%| E|CS|TAMS 0x0000000730000000, 0x0000000730000000| Complete 
| 358|0x0000000730200000, 0x0000000730400000, 0x0000000730400000|100%| E|CS|TAMS 0x0000000730200000, 0x0000000730200000| Complete 
| 359|0x0000000730400000, 0x0000000730600000, 0x0000000730600000|100%| E|CS|TAMS 0x0000000730400000, 0x0000000730400000| Complete 
| 360|0x0000000730600000, 0x0000000730800000, 0x0000000730800000|100%| E|CS|TAMS 0x0000000730600000, 0x0000000730600000| Complete 
| 361|0x0000000730800000, 0x0000000730a00000, 0x0000000730a00000|100%| E|CS|TAMS 0x0000000730800000, 0x0000000730800000| Complete 
| 362|0x0000000730a00000, 0x0000000730c00000, 0x0000000730c00000|100%| E|CS|TAMS 0x0000000730a00000, 0x0000000730a00000| Complete 
| 363|0x0000000730c00000, 0x0000000730e00000, 0x0000000730e00000|100%| E|CS|TAMS 0x0000000730c00000, 0x0000000730c00000| Complete 
| 364|0x0000000730e00000, 0x0000000731000000, 0x0000000731000000|100%| E|CS|TAMS 0x0000000730e00000, 0x0000000730e00000| Complete 
| 365|0x0000000731000000, 0x0000000731200000, 0x0000000731200000|100%| E|CS|TAMS 0x0000000731000000, 0x0000000731000000| Complete 
| 366|0x0000000731200000, 0x0000000731400000, 0x0000000731400000|100%| E|CS|TAMS 0x0000000731200000, 0x0000000731200000| Complete 
| 367|0x0000000731400000, 0x0000000731600000, 0x0000000731600000|100%| E|CS|TAMS 0x0000000731400000, 0x0000000731400000| Complete 
| 368|0x0000000731600000, 0x0000000731800000, 0x0000000731800000|100%| E|CS|TAMS 0x0000000731600000, 0x0000000731600000| Complete 
| 369|0x0000000731800000, 0x0000000731a00000, 0x0000000731a00000|100%| E|CS|TAMS 0x0000000731800000, 0x0000000731800000| Complete 
| 370|0x0000000731a00000, 0x0000000731c00000, 0x0000000731c00000|100%| E|CS|TAMS 0x0000000731a00000, 0x0000000731a00000| Complete 
| 371|0x0000000731c00000, 0x0000000731e00000, 0x0000000731e00000|100%| E|CS|TAMS 0x0000000731c00000, 0x0000000731c00000| Complete 
| 372|0x0000000731e00000, 0x0000000732000000, 0x0000000732000000|100%| E|CS|TAMS 0x0000000731e00000, 0x0000000731e00000| Complete 
| 373|0x0000000732000000, 0x0000000732200000, 0x0000000732200000|100%| E|CS|TAMS 0x0000000732000000, 0x0000000732000000| Complete 
| 374|0x0000000732200000, 0x0000000732400000, 0x0000000732400000|100%| E|CS|TAMS 0x0000000732200000, 0x0000000732200000| Complete 
| 375|0x0000000732400000, 0x0000000732600000, 0x0000000732600000|100%| E|CS|TAMS 0x0000000732400000, 0x0000000732400000| Complete 
| 376|0x0000000732600000, 0x0000000732800000, 0x0000000732800000|100%| E|CS|TAMS 0x0000000732600000, 0x0000000732600000| Complete 
| 377|0x0000000732800000, 0x0000000732a00000, 0x0000000732a00000|100%| E|CS|TAMS 0x0000000732800000, 0x0000000732800000| Complete 
| 378|0x0000000732a00000, 0x0000000732c00000, 0x0000000732c00000|100%| E|CS|TAMS 0x0000000732a00000, 0x0000000732a00000| Complete 
| 379|0x0000000732c00000, 0x0000000732e00000, 0x0000000732e00000|100%| E|CS|TAMS 0x0000000732c00000, 0x0000000732c00000| Complete 

Card table byte_map: [0x0000020d76890000,0x0000020d77080000] _byte_map_base: 0x0000020d73075000

Marking Bits (Prev, Next): (CMBitMap*) 0x0000020d5ee8ccb0, (CMBitMap*) 0x0000020d5ee8ccf0
 Prev Bits: [0x0000020d77870000, 0x0000020d7b798000)
 Next Bits: [0x0000020d7b7a0000, 0x0000020d7f6c8000)

Polling page: 0x0000020d5ce20000

Metaspace:

Usage:
  Non-class:      3.54 MB used.
      Class:    267.33 KB used.
       Both:      3.80 MB used.

Virtual space:
  Non-class space:       64.00 MB reserved,       3.62 MB (  6%) committed,  1 nodes.
      Class space:        1.00 GB reserved,     384.00 KB ( <1%) committed,  1 nodes.
             Both:        1.06 GB reserved,       4.00 MB ( <1%) committed. 

Chunk freelists:
   Non-Class:  2.36 MB
       Class:  3.61 MB
        Both:  5.96 MB

MaxMetaspaceSize: unlimited
CompressedClassSpaceSize: 1.00 GB
Initial GC threshold: 21.00 MB
Current GC threshold: 21.00 MB
CDS: on
MetaspaceReclaimPolicy: balanced
 - commit_granule_bytes: 65536.
 - commit_granule_words: 8192.
 - virtual_space_node_default_size: 8388608.
 - enlarge_chunks_in_place: 1.
 - new_chunks_are_fully_committed: 0.
 - uncommit_free_chunks: 1.
 - use_allocation_guard: 0.


Internal statistics:

num_allocs_failed_limit: 0.
num_arena_births: 40.
num_arena_deaths: 0.
num_vsnodes_births: 2.
num_vsnodes_deaths: 0.
num_space_committed: 62.
num_space_uncommitted: 0.
num_chunks_returned_to_freelist: 0.
num_chunks_taken_from_freelist: 118.
num_chunk_merges: 0.
num_chunk_splits: 77.
num_chunks_enlarged: 54.
num_inconsistent_stats: 0.

CodeHeap 'non-profiled nmethods': size=120000Kb used=292Kb max_used=292Kb free=119707Kb
 bounds [0x0000020d6e840000, 0x0000020d6eab0000, 0x0000020d75d70000]
CodeHeap 'profiled nmethods': size=120000Kb used=1304Kb max_used=1304Kb free=118695Kb
 bounds [0x0000020d66d70000, 0x0000020d66fe0000, 0x0000020d6e2a0000]
CodeHeap 'non-nmethods': size=5760Kb used=1344Kb max_used=1364Kb free=4415Kb
 bounds [0x0000020d6e2a0000, 0x0000020d6e510000, 0x0000020d6e840000]
 total_blobs=1442 nmethods=875 adapters=478
 compilation: enabled
              stopped_count=0, restarted_count=0
 full_count=0

Compilation events (20 events):
Event: 2.007 Thread 0x0000020d021c39b0  865 %     4       at.finn.games.snowworld.Snowworld::render @ 10 (42 bytes)
Event: 2.012 Thread 0x0000020d021c39b0 nmethod 865% 0x0000020d6e887c90 code [0x0000020d6e887ec0, 0x0000020d6e888348]
Event: 2.432 Thread 0x0000020d021c4320  866       1       net.java.games.input.DummyWindow::getHwnd (5 bytes)
Event: 2.432 Thread 0x0000020d021c4320 nmethod 866 0x0000020d6e888710 code [0x0000020d6e8888a0, 0x0000020d6e888958]
Event: 2.487 Thread 0x0000020d021c4320  867       1       java.lang.Thread::isInterrupted (5 bytes)
Event: 2.487 Thread 0x0000020d021c4320 nmethod 867 0x0000020d6e888a10 code [0x0000020d6e888ba0, 0x0000020d6e888c78]
Event: 9.294 Thread 0x0000020d021c4320  868       3       net.java.games.input.DataQueue::hasRemaining (13 bytes)
Event: 9.294 Thread 0x0000020d021c4320 nmethod 868 0x0000020d66eb3b10 code [0x0000020d66eb3cc0, 0x0000020d66eb3e98]
Event: 9.294 Thread 0x0000020d021c4320  869       3       net.java.games.input.DataQueue::remaining (10 bytes)
Event: 9.295 Thread 0x0000020d021c4320 nmethod 869 0x0000020d66eb3f90 code [0x0000020d66eb4120, 0x0000020d66eb4238]
Event: 9.536 Thread 0x0000020d021c4320  870       3       net.java.games.input.RawInputEventQueue::access$300 (6 bytes)
Event: 9.536 Thread 0x0000020d021c4320 nmethod 870 0x0000020d66eb4310 code [0x0000020d66eb44c0, 0x0000020d66eb4668]
Event: 9.536 Thread 0x0000020d021c4320  871       3       net.java.games.input.RawInputEventQueue::poll (9 bytes)
Event: 9.536 Thread 0x0000020d021c4320 nmethod 871 0x0000020d66eb4790 code [0x0000020d66eb4940, 0x0000020d66eb4aa8]
Event: 9.543 Thread 0x0000020d021c4320  872       3       net.java.games.input.RawInputEventQueue::addMouseEvent (34 bytes)
Event: 9.543 Thread 0x0000020d021c4320 nmethod 872 0x0000020d66eb4b90 code [0x0000020d66eb4d60, 0x0000020d66eb4fb8]
Event: 9.543 Thread 0x0000020d021c4320  873       3       net.java.games.input.RawInputEventQueue::lookupDevice (51 bytes)
Event: 9.544 Thread 0x0000020d021c4320 nmethod 873 0x0000020d66eb5110 code [0x0000020d66eb5300, 0x0000020d66eb5818]
Event: 9.544 Thread 0x0000020d021c4320  874  s    3       net.java.games.input.RawDevice::addMouseEvent (42 bytes)
Event: 9.544 Thread 0x0000020d021c4320 nmethod 874 0x0000020d66eb5990 code [0x0000020d66eb5b60, 0x0000020d66eb6078]

GC Heap History (14 events):
Event: 0.797 GC heap before
{Heap before GC invocations=0 (full 0):
 garbage-first heap   total 260096K, used 22528K [0x0000000703600000, 0x0000000800000000)
  region size 2048K, 11 young (22528K), 0 survivors (0K)
 Metaspace       used 3832K, committed 4032K, reserved 1114112K
  class space    used 263K, committed 384K, reserved 1048576K
}
Event: 0.807 GC heap after
{Heap after GC invocations=1 (full 0):
 garbage-first heap   total 260096K, used 13792K [0x0000000703600000, 0x0000000800000000)
  region size 2048K, 2 young (4096K), 2 survivors (4096K)
 Metaspace       used 3832K, committed 4032K, reserved 1114112K
  class space    used 263K, committed 384K, reserved 1048576K
}
Event: 0.831 GC heap before
{Heap before GC invocations=1 (full 0):
 garbage-first heap   total 260096K, used 30176K [0x0000000703600000, 0x0000000800000000)
  region size 2048K, 9 young (18432K), 2 survivors (4096K)
 Metaspace       used 3838K, committed 4032K, reserved 1114112K
  class space    used 264K, committed 384K, reserved 1048576K
}
Event: 0.843 GC heap after
{Heap after GC invocations=2 (full 0):
 garbage-first heap   total 260096K, used 28672K [0x0000000703600000, 0x0000000800000000)
  region size 2048K, 2 young (4096K), 2 survivors (4096K)
 Metaspace       used 3838K, committed 4032K, reserved 1114112K
  class space    used 264K, committed 384K, reserved 1048576K
}
Event: 0.873 GC heap before
{Heap before GC invocations=2 (full 0):
 garbage-first heap   total 260096K, used 55296K [0x0000000703600000, 0x0000000800000000)
  region size 2048K, 13 young (26624K), 2 survivors (4096K)
 Metaspace       used 3838K, committed 4032K, reserved 1114112K
  class space    used 264K, committed 384K, reserved 1048576K
}
Event: 0.891 GC heap after
{Heap after GC invocations=3 (full 0):
 garbage-first heap   total 260096K, used 56838K [0x0000000703600000, 0x0000000800000000)
  region size 2048K, 2 young (4096K), 2 survivors (4096K)
 Metaspace       used 3838K, committed 4032K, reserved 1114112K
  class space    used 264K, committed 384K, reserved 1048576K
}
Event: 0.929 GC heap before
{Heap before GC invocations=3 (full 0):
 garbage-first heap   total 260096K, used 97798K [0x0000000703600000, 0x0000000800000000)
  region size 2048K, 17 young (34816K), 2 survivors (4096K)
 Metaspace       used 3838K, committed 4032K, reserved 1114112K
  class space    used 264K, committed 384K, reserved 1048576K
}
Event: 0.955 GC heap after
{Heap after GC invocations=4 (full 0):
 garbage-first heap   total 260096K, used 100278K [0x0000000703600000, 0x0000000800000000)
  region size 2048K, 3 young (6144K), 3 survivors (6144K)
 Metaspace       used 3838K, committed 4032K, reserved 1114112K
  class space    used 264K, committed 384K, reserved 1048576K
}
Event: 1.007 GC heap before
{Heap before GC invocations=4 (full 0):
 garbage-first heap   total 260096K, used 137142K [0x0000000703600000, 0x0000000800000000)
  region size 2048K, 21 young (43008K), 3 survivors (6144K)
 Metaspace       used 3839K, committed 4032K, reserved 1114112K
  class space    used 264K, committed 384K, reserved 1048576K
}
Event: 1.037 GC heap after
{Heap after GC invocations=5 (full 0):
 garbage-first heap   total 778240K, used 139264K [0x0000000703600000, 0x0000000800000000)
  region size 2048K, 3 young (6144K), 3 survivors (6144K)
 Metaspace       used 3839K, committed 4032K, reserved 1114112K
  class space    used 264K, committed 384K, reserved 1048576K
}
Event: 1.117 GC heap before
{Heap before GC invocations=5 (full 0):
 garbage-first heap   total 778240K, used 192512K [0x0000000703600000, 0x0000000800000000)
  region size 2048K, 25 young (51200K), 3 survivors (6144K)
 Metaspace       used 3845K, committed 4032K, reserved 1114112K
  class space    used 264K, committed 384K, reserved 1048576K
}
Event: 1.141 GC heap after
{Heap after GC invocations=6 (full 0):
 garbage-first heap   total 778240K, used 195415K [0x0000000703600000, 0x0000000800000000)
  region size 2048K, 4 young (8192K), 4 survivors (8192K)
 Metaspace       used 3845K, committed 4032K, reserved 1114112K
  class space    used 264K, committed 384K, reserved 1048576K
}
Event: 1.210 GC heap before
{Heap before GC invocations=6 (full 0):
 garbage-first heap   total 778240K, used 265047K [0x0000000703600000, 0x0000000800000000)
  region size 2048K, 32 young (65536K), 4 survivors (8192K)
 Metaspace       used 3857K, committed 4032K, reserved 1114112K
  class space    used 265K, committed 384K, reserved 1048576K
}
Event: 1.239 GC heap after
{Heap after GC invocations=7 (full 0):
 garbage-first heap   total 778240K, used 269294K [0x0000000703600000, 0x0000000800000000)
  region size 2048K, 4 young (8192K), 4 survivors (8192K)
 Metaspace       used 3857K, committed 4032K, reserved 1114112K
  class space    used 265K, committed 384K, reserved 1048576K
}

Dll operation events (15 events):
Event: 0.009 Loaded shared library C:\Users\Win10\.jdks\openjdk-19.0.1\bin\java.dll
Event: 0.019 Loaded shared library C:\Users\Win10\.jdks\openjdk-19.0.1\bin\jsvml.dll
Event: 0.098 Loaded shared library C:\Users\Win10\.jdks\openjdk-19.0.1\bin\zip.dll
Event: 0.101 Loaded shared library C:\Users\Win10\.jdks\openjdk-19.0.1\bin\instrument.dll
Event: 0.109 Loaded shared library C:\Users\Win10\.jdks\openjdk-19.0.1\bin\net.dll
Event: 0.111 Loaded shared library C:\Users\Win10\.jdks\openjdk-19.0.1\bin\nio.dll
Event: 0.118 Loaded shared library C:\Users\Win10\.jdks\openjdk-19.0.1\bin\zip.dll
Event: 0.143 Loaded shared library C:\Schule\Programme\IntelliJ IDEA Community Edition 2022.2.1\bin\breakgen64.dll
Event: 0.153 Loaded shared library C:\Users\Win10\.jdks\openjdk-19.0.1\bin\extnet.dll
Event: 0.163 Loaded shared library C:\Users\Win10\.jdks\openjdk-19.0.1\bin\verify.dll
Event: 0.197 Loaded shared library C:\Schule\3cWI\SWP\GameEngine\Games\native\lwjgl64.dll
Event: 0.220 Loaded shared library C:\Users\Win10\.jdks\openjdk-19.0.1\bin\jimage.dll
Event: 0.525 Loaded shared library C:\Users\Win10\.jdks\openjdk-19.0.1\bin\awt.dll
Event: 0.574 Loaded shared library C:\Schule\3cWI\SWP\GameEngine\Games\native\jinput-dx8_64.dll
Event: 0.707 Loaded shared library C:\Schule\3cWI\SWP\GameEngine\Games\native\jinput-raw_64.dll

Deoptimization events (20 events):
Event: 0.722 Thread 0x0000020d5ee12840 Uncommon trap: trap_request=0xffffffde fr.pc=0x0000020d6e85f5b0 relative=0x00000000000004d0
Event: 0.722 Thread 0x0000020d5ee12840 Uncommon trap: reason=class_check action=maybe_recompile pc=0x0000020d6e85f5b0 method=java.util.regex.Pattern$Start.match(Ljava/util/regex/Matcher;ILjava/lang/CharSequence;)Z @ 44 c2
Event: 0.722 Thread 0x0000020d5ee12840 DEOPT PACKING pc=0x0000020d6e85f5b0 sp=0x000000a2c6ffeab0
Event: 0.722 Thread 0x0000020d5ee12840 DEOPT UNPACKING pc=0x0000020d6e30a5a3 sp=0x000000a2c6ffea10 mode 2
Event: 0.722 Thread 0x0000020d5ee12840 Uncommon trap: trap_request=0xffffffde fr.pc=0x0000020d6e85f5b0 relative=0x00000000000004d0
Event: 0.722 Thread 0x0000020d5ee12840 Uncommon trap: reason=class_check action=maybe_recompile pc=0x0000020d6e85f5b0 method=java.util.regex.Pattern$Start.match(Ljava/util/regex/Matcher;ILjava/lang/CharSequence;)Z @ 44 c2
Event: 0.722 Thread 0x0000020d5ee12840 DEOPT PACKING pc=0x0000020d6e85f5b0 sp=0x000000a2c6ffeab0
Event: 0.722 Thread 0x0000020d5ee12840 DEOPT UNPACKING pc=0x0000020d6e30a5a3 sp=0x000000a2c6ffea10 mode 2
Event: 0.729 Thread 0x0000020d5ee12840 Uncommon trap: trap_request=0xffffff45 fr.pc=0x0000020d6e876080 relative=0x0000000000000ae0
Event: 0.729 Thread 0x0000020d5ee12840 Uncommon trap: reason=unstable_if action=reinterpret pc=0x0000020d6e876080 method=java.util.HashMap.putVal(ILjava/lang/Object;Ljava/lang/Object;ZZ)Ljava/lang/Object; @ 181 c2
Event: 0.729 Thread 0x0000020d5ee12840 DEOPT PACKING pc=0x0000020d6e876080 sp=0x000000a2c6ffe9e0
Event: 0.729 Thread 0x0000020d5ee12840 DEOPT UNPACKING pc=0x0000020d6e30a5a3 sp=0x000000a2c6ffe9a0 mode 2
Event: 0.896 Thread 0x0000020d5ee12840 DEOPT PACKING pc=0x0000020d66ea338a sp=0x000000a2c6fff360
Event: 0.896 Thread 0x0000020d5ee12840 DEOPT UNPACKING pc=0x0000020d6e30b0e3 sp=0x000000a2c6ffe8b0 mode 0
Event: 1.306 Thread 0x0000020d5ee12840 Uncommon trap: trap_request=0xffffff45 fr.pc=0x0000020d6e87e614 relative=0x0000000000001954
Event: 1.306 Thread 0x0000020d5ee12840 Uncommon trap: reason=unstable_if action=reinterpret pc=0x0000020d6e87e614 method=at.finn.games.snowworld.Snowworld.init(Lorg/newdawn/slick/GameContainer;)V @ 16 c2
Event: 1.306 Thread 0x0000020d5ee12840 DEOPT PACKING pc=0x0000020d6e87e614 sp=0x000000a2c6fff3d0
Event: 1.306 Thread 0x0000020d5ee12840 DEOPT UNPACKING pc=0x0000020d6e30a5a3 sp=0x000000a2c6fff3b0 mode 2
Event: 2.057 Thread 0x0000020d5ee12840 DEOPT PACKING pc=0x0000020d66eb2ec5 sp=0x000000a2c6fff340
Event: 2.057 Thread 0x0000020d5ee12840 DEOPT UNPACKING pc=0x0000020d6e30b0e3 sp=0x000000a2c6ffe818 mode 0

Classes loaded (20 events):
Event: 0.527 Loading class java/awt/image/Raster
Event: 0.527 Loading class java/awt/image/Raster done
Event: 0.527 Loading class java/awt/image/WritableRaster done
Event: 0.527 Loading class sun/awt/image/SunWritableRaster done
Event: 0.528 Loading class java/util/zip/DataFormatException
Event: 0.528 Loading class java/util/zip/DataFormatException done
Event: 0.528 Loading class java/io/EOFException
Event: 0.528 Loading class java/io/EOFException done
Event: 0.559 Loading class java/lang/AssertionError
Event: 0.559 Loading class java/lang/AssertionError done
Event: 0.601 Loading class java/lang/InstantiationException
Event: 0.601 Loading class java/lang/InstantiationException done
Event: 0.691 Loading class java/lang/invoke/MethodHandle$1
Event: 0.691 Loading class java/lang/invoke/MethodHandle$1 done
Event: 0.807 Loading class java/util/concurrent/locks/AbstractQueuedSynchronizer$ExclusiveNode
Event: 0.807 Loading class java/util/concurrent/locks/AbstractQueuedSynchronizer$ExclusiveNode done
Event: 1.115 Loading class jdk/internal/vm/VMSupport
Event: 1.115 Loading class jdk/internal/vm/VMSupport done
Event: 25.667 Loading class jdk/internal/misc/Signal$1
Event: 25.668 Loading class jdk/internal/misc/Signal$1 done

Classes unloaded (0 events):
No events

Classes redefined (0 events):
No events

Internal exceptions (5 events):
Event: 0.132 Thread 0x0000020d5ee12840 Exception <a 'java/lang/NoSuchMethodError'{0x00000007130fcd00}: 'void java.lang.invoke.DirectMethodHandle$Holder.invokeStatic(java.lang.Object, java.lang.Object, java.lang.Object)'> (0x00000007130fcd00) 
thrown [s\open\src\hotspot\share\interpreter\linkResolver.cpp, line 774]
Event: 0.139 Thread 0x0000020d5ee12840 Exception <a 'java/lang/NoSuchMethodError'{0x00000007131152f8}: 'java.lang.Object java.lang.invoke.Invokers$Holder.invokeExact_MT(java.lang.Object, java.lang.Object, java.lang.Object, java.lang.Object, java.lang.Object)'> (0x00000007131152f8) 
thrown [s\open\src\hotspot\share\interpreter\linkResolver.cpp, line 774]
Event: 0.155 Thread 0x0000020d066b9480 Exception <a 'java/lang/NoSuchMethodError'{0x0000000713167880}: 'void java.lang.invoke.DirectMethodHandle$Holder.invokeStatic(java.lang.Object, java.lang.Object)'> (0x0000000713167880) 
thrown [s\open\src\hotspot\share\interpreter\linkResolver.cpp, line 774]
Event: 0.372 Thread 0x0000020d5ee12840 Exception <a 'java/lang/NoSuchMethodError'{0x0000000712fd6f70}: 'int java.lang.invoke.Invokers$Holder.invokeExact_MT(java.lang.Object, java.lang.Object)'> (0x0000000712fd6f70) 
thrown [s\open\src\hotspot\share\interpreter\linkResolver.cpp, line 774]
Event: 1.116 Thread 0x0000020d021ba8d0 Exception <a 'java/lang/NoSuchMethodError'{0x00000007302be828}: 'java.lang.Object java.lang.invoke.Invokers$Holder.invokeExact_MT(java.lang.Object, java.lang.Object, java.lang.Object, java.lang.Object, java.lang.Object, java.lang.Object)'> (0x00000007302be828) 
thrown [s\open\src\hotspot\share\interpreter\linkResolver.cpp, line 774]

VM Operations (20 events):
Event: 0.563 Executing VM operation: HandshakeAllThreads done
Event: 0.585 Executing VM operation: HandshakeAllThreads
Event: 0.585 Executing VM operation: HandshakeAllThreads done
Event: 0.797 Executing VM operation: G1CollectForAllocation
Event: 0.807 Executing VM operation: G1CollectForAllocation done
Event: 0.808 Executing VM operation: HandshakeAllThreads
Event: 0.808 Executing VM operation: HandshakeAllThreads done
Event: 0.831 Executing VM operation: G1CollectForAllocation
Event: 0.843 Executing VM operation: G1CollectForAllocation done
Event: 0.873 Executing VM operation: G1CollectForAllocation
Event: 0.891 Executing VM operation: G1CollectForAllocation done
Event: 0.929 Executing VM operation: G1CollectForAllocation
Event: 0.955 Executing VM operation: G1CollectForAllocation done
Event: 1.007 Executing VM operation: G1CollectForAllocation
Event: 1.037 Executing VM operation: G1CollectForAllocation done
Event: 1.117 Executing VM operation: G1CollectForAllocation
Event: 1.141 Executing VM operation: G1CollectForAllocation done
Event: 1.210 Executing VM operation: G1CollectForAllocation
Event: 1.239 Executing VM operation: G1CollectForAllocation done
Event: 25.678 Executing VM operation: Exit

Events (20 events):
Event: 0.035 Thread 0x0000020d021bdd20 Thread added: 0x0000020d021bdd20
Event: 0.035 Thread 0x0000020d021c39b0 Thread added: 0x0000020d021c39b0
Event: 0.035 Thread 0x0000020d021c4320 Thread added: 0x0000020d021c4320
Event: 0.035 Thread 0x0000020d021c4c90 Thread added: 0x0000020d021c4c90
Event: 0.071 Thread 0x0000020d0218bdc0 Thread added: 0x0000020d0218bdc0
Event: 0.144 Thread 0x0000020d066b9480 Thread added: 0x0000020d066b9480
Event: 0.144 Thread 0x0000020d066bff20 Thread added: 0x0000020d066bff20
Event: 0.254 Thread 0x0000020d06754f30 Thread added: 0x0000020d06754f30
Event: 0.669 Thread 0x0000020d06754f30 Thread exited: 0x0000020d06754f30
Event: 0.734 Thread 0x0000020d0704b380 Thread added: 0x0000020d0704b380
Event: 0.776 Thread 0x0000020d0e540b80 Thread added: 0x0000020d0e540b80
Event: 0.776 Thread 0x0000020d0e547530 Thread added: 0x0000020d0e547530
Event: 1.142 Thread 0x0000020d0e547530 Thread exited: 0x0000020d0e547530
Event: 1.142 Thread 0x0000020d0e540b80 Thread exited: 0x0000020d0e540b80
Event: 25.668 Thread 0x0000020d0e73eb50 Thread added: 0x0000020d0e73eb50
Event: 25.669 Thread 0x0000020d0e651ef0 Thread added: 0x0000020d0e651ef0
Event: 25.669 Thread 0x0000020d0e652840 Thread added: 0x0000020d0e652840
Event: 25.671 Thread 0x0000020d0e651ef0 Thread exited: 0x0000020d0e651ef0
Event: 25.678 Thread 0x0000020d0e652840 Thread exited: 0x0000020d0e652840
Event: 25.678 Thread 0x0000020d021b9eb0 Thread exited: 0x0000020d021b9eb0


Dynamic libraries:
0x00007ff7f4d90000 - 0x00007ff7f4d9e000 	C:\Users\Win10\.jdks\openjdk-19.0.1\bin\java.exe
0x00007ffa4ffc0000 - 0x00007ffa501c9000 	C:\WINDOWS\SYSTEM32\ntdll.dll
0x00007ffa4f4f0000 - 0x00007ffa4f5ae000 	C:\WINDOWS\System32\KERNEL32.DLL
0x00007ffa4d800000 - 0x00007ffa4db7b000 	C:\WINDOWS\System32\KERNELBASE.dll
0x00007ffa4db80000 - 0x00007ffa4dc91000 	C:\WINDOWS\System32\ucrtbase.dll
0x00007ffa47db0000 - 0x00007ffa47dc7000 	C:\Users\Win10\.jdks\openjdk-19.0.1\bin\jli.dll
0x00007ffa47e20000 - 0x00007ffa47e3b000 	C:\Users\Win10\.jdks\openjdk-19.0.1\bin\VCRUNTIME140.dll
0x00007ffa4f710000 - 0x00007ffa4f8bd000 	C:\WINDOWS\System32\USER32.dll
0x00007ffa2dff0000 - 0x00007ffa2e295000 	C:\WINDOWS\WinSxS\amd64_microsoft.windows.common-controls_6595b64144ccf1df_6.0.22000.120_none_9d947278b86cc467\COMCTL32.dll
0x00007ffa4d710000 - 0x00007ffa4d736000 	C:\WINDOWS\System32\win32u.dll
0x00007ffa4e960000 - 0x00007ffa4ea03000 	C:\WINDOWS\System32\msvcrt.dll
0x00007ffa4efa0000 - 0x00007ffa4efc9000 	C:\WINDOWS\System32\GDI32.dll
0x00007ffa4dd20000 - 0x00007ffa4de38000 	C:\WINDOWS\System32\gdi32full.dll
0x00007ffa4d670000 - 0x00007ffa4d70d000 	C:\WINDOWS\System32\msvcp_win.dll
0x00007ffa4f6d0000 - 0x00007ffa4f702000 	C:\WINDOWS\System32\IMM32.DLL
0x00007ffa49980000 - 0x00007ffa4998c000 	C:\Users\Win10\.jdks\openjdk-19.0.1\bin\vcruntime140_1.dll
0x00007ffa47520000 - 0x00007ffa475ae000 	C:\Users\Win10\.jdks\openjdk-19.0.1\bin\msvcp140.dll
0x00007ffa07d90000 - 0x00007ffa08a50000 	C:\Users\Win10\.jdks\openjdk-19.0.1\bin\server\jvm.dll
0x00007ffa4fe30000 - 0x00007ffa4fede000 	C:\WINDOWS\System32\ADVAPI32.dll
0x00007ffa4de40000 - 0x00007ffa4dede000 	C:\WINDOWS\System32\sechost.dll
0x00007ffa4f5b0000 - 0x00007ffa4f6d0000 	C:\WINDOWS\System32\RPCRT4.dll
0x00007ffa47930000 - 0x00007ffa47963000 	C:\WINDOWS\SYSTEM32\WINMM.dll
0x00007ffa26ee0000 - 0x00007ffa26ee9000 	C:\WINDOWS\SYSTEM32\WSOCK32.dll
0x00007ffa45db0000 - 0x00007ffa45dba000 	C:\WINDOWS\SYSTEM32\VERSION.dll
0x00007ffa4f170000 - 0x00007ffa4f1df000 	C:\WINDOWS\System32\WS2_32.dll
0x00007ffa4c510000 - 0x00007ffa4c528000 	C:\WINDOWS\SYSTEM32\kernel.appcore.dll
0x00007ffa49960000 - 0x00007ffa4996a000 	C:\Users\Win10\.jdks\openjdk-19.0.1\bin\jimage.dll
0x00007ffa4af50000 - 0x00007ffa4b171000 	C:\WINDOWS\SYSTEM32\DBGHELP.DLL
0x00007ffa30070000 - 0x00007ffa300a1000 	C:\WINDOWS\SYSTEM32\dbgcore.DLL
0x00007ffa4dca0000 - 0x00007ffa4dd1f000 	C:\WINDOWS\System32\bcryptPrimitives.dll
0x00007ffa47e10000 - 0x00007ffa47e1e000 	C:\Users\Win10\.jdks\openjdk-19.0.1\bin\instrument.dll
0x00007ffa474f0000 - 0x00007ffa47516000 	C:\Users\Win10\.jdks\openjdk-19.0.1\bin\java.dll
0x00007ffa33e70000 - 0x00007ffa33f47000 	C:\Users\Win10\.jdks\openjdk-19.0.1\bin\jsvml.dll
0x00007ffa4def0000 - 0x00007ffa4e6a7000 	C:\WINDOWS\System32\SHELL32.dll
0x00007ffa4b420000 - 0x00007ffa4bc85000 	C:\WINDOWS\SYSTEM32\windows.storage.dll
0x00007ffa4ea10000 - 0x00007ffa4ed88000 	C:\WINDOWS\System32\combase.dll
0x00007ffa4b2b0000 - 0x00007ffa4b416000 	C:\WINDOWS\SYSTEM32\wintypes.dll
0x00007ffa4e6b0000 - 0x00007ffa4e79a000 	C:\WINDOWS\System32\SHCORE.dll
0x00007ffa4f8c0000 - 0x00007ffa4f91d000 	C:\WINDOWS\System32\shlwapi.dll
0x00007ffa4d3c0000 - 0x00007ffa4d3e1000 	C:\WINDOWS\SYSTEM32\profapi.dll
0x00007ffa34750000 - 0x00007ffa34768000 	C:\Users\Win10\.jdks\openjdk-19.0.1\bin\zip.dll
0x00007ffa47d90000 - 0x00007ffa47da3000 	C:\Users\Win10\.jdks\openjdk-19.0.1\bin\net.dll
0x00007ffa46040000 - 0x00007ffa46154000 	C:\WINDOWS\SYSTEM32\WINHTTP.dll
0x00007ffa4c9b0000 - 0x00007ffa4ca17000 	C:\WINDOWS\system32\mswsock.dll
0x00007ffa47b20000 - 0x00007ffa47b36000 	C:\Users\Win10\.jdks\openjdk-19.0.1\bin\nio.dll
0x00007ffa34670000 - 0x00007ffa3468a000 	C:\Schule\Programme\IntelliJ IDEA Community Edition 2022.2.1\bin\breakgen64.dll
0x00007ffa479c0000 - 0x00007ffa479c8000 	C:\Users\Win10\.jdks\openjdk-19.0.1\bin\extnet.dll
0x00007ffa47970000 - 0x00007ffa47980000 	C:\Users\Win10\.jdks\openjdk-19.0.1\bin\verify.dll
0x0000000180000000 - 0x0000000180053000 	C:\Schule\3cWI\SWP\GameEngine\Games\native\lwjgl64.dll
0x00007ffa31d40000 - 0x00007ffa31e41000 	C:\WINDOWS\SYSTEM32\OPENGL32.dll
0x00007ffa36f20000 - 0x00007ffa36f4d000 	C:\WINDOWS\SYSTEM32\GLU32.dll
0x00007ffa4a8d0000 - 0x00007ffa4a908000 	C:\WINDOWS\SYSTEM32\dxcore.dll
0x00007ffa48100000 - 0x00007ffa481b8000 	C:\WINDOWS\SYSTEM32\mscms.dll
0x00007ffa4d070000 - 0x00007ffa4d0bc000 	C:\WINDOWS\SYSTEM32\cfgmgr32.dll
0x00007ffa4cd80000 - 0x00007ffa4cda7000 	C:\WINDOWS\SYSTEM32\bcrypt.dll
0x00007ffa4f1e0000 - 0x00007ffa4f295000 	C:\WINDOWS\System32\clbcatq.dll
0x00007ffa3c950000 - 0x00007ffa3c99a000 	C:\Windows\System32\Windows.Internal.Graphics.Display.DisplayColorManagement.dll
0x00007ffa4ee50000 - 0x00007ffa4ef26000 	C:\WINDOWS\System32\OLEAUT32.dll
0x00007ffa4a7c0000 - 0x00007ffa4a86c000 	C:\WINDOWS\system32\uxtheme.dll
0x00007ffa4f2b0000 - 0x00007ffa4f3cd000 	C:\WINDOWS\System32\MSCTF.dll
0x00007ffa44ac0000 - 0x00007ffa44b04000 	C:\WINDOWS\SYSTEM32\directxdatabasehelper.dll
0x00007ffa4c530000 - 0x00007ffa4c564000 	C:\WINDOWS\SYSTEM32\ntmarta.dll
0x00007ffa46e90000 - 0x00007ffa46fc4000 	C:\Windows\System32\AppXDeploymentClient.dll
0x00007ffa46ac0000 - 0x00007ffa46cb0000 	C:\WINDOWS\SYSTEM32\urlmon.dll
0x00007ffa461e0000 - 0x00007ffa46493000 	C:\Windows\System32\iertutil.dll
0x00007ffa46a60000 - 0x00007ffa46a88000 	C:\Windows\System32\srvcli.dll
0x00007ffa4c030000 - 0x00007ffa4c03c000 	C:\Windows\System32\netutils.dll
0x00007ff9ee960000 - 0x00007ff9ef993000 	C:\Windows\System32\DriverStore\FileRepository\iigd_dch.inf_amd64_2b1d9e395a05d1c9\ig11icd64.dll
0x00007ffa4efd0000 - 0x00007ffa4f16a000 	C:\WINDOWS\System32\ole32.dll
0x00007ffa4ab30000 - 0x00007ffa4ab5f000 	C:\WINDOWS\system32\dwmapi.dll
0x00007ffa4a910000 - 0x00007ffa4aa03000 	C:\WINDOWS\system32\dxgi.dll
0x00007ffa3c600000 - 0x00007ffa3c858000 	C:\Windows\System32\DriverStore\FileRepository\iigd_dch.inf_amd64_2b1d9e395a05d1c9\igdgmm64.dll
0x00007ffa2e890000 - 0x00007ffa2e9bd000 	C:\WINDOWS\SYSTEM32\textinputframework.dll
0x00007ffa4a320000 - 0x00007ffa4a451000 	C:\WINDOWS\SYSTEM32\CoreMessaging.dll
0x00007ffa44080000 - 0x00007ffa443ed000 	C:\WINDOWS\SYSTEM32\CoreUIComponents.dll
0x00007ffa4cc10000 - 0x00007ffa4cc1c000 	C:\WINDOWS\SYSTEM32\CRYPTBASE.DLL
0x00007ffa31af0000 - 0x00007ffa31b59000 	C:\WINDOWS\system32\Oleacc.dll
0x00007ffa33e20000 - 0x00007ffa33e64000 	C:\WINDOWS\SYSTEM32\icm32.dll
0x00007ff9e6220000 - 0x00007ff9e663a000 	C:\Windows\System32\DriverStore\FileRepository\iigd_dch.inf_amd64_2b1d9e395a05d1c9\igdml64.dll
0x00007ffa39890000 - 0x00007ffa3c570000 	C:\Windows\System32\DriverStore\FileRepository\iigd_dch.inf_amd64_2b1d9e395a05d1c9\igc64.dll
0x00007ffa4d360000 - 0x00007ffa4d3ad000 	C:\WINDOWS\SYSTEM32\powrprof.dll
0x00007ffa4d340000 - 0x00007ffa4d353000 	C:\WINDOWS\SYSTEM32\UMPDC.dll
0x00007ffa20960000 - 0x00007ffa20af0000 	C:\Users\Win10\.jdks\openjdk-19.0.1\bin\awt.dll
0x00007ffa4a610000 - 0x00007ffa4a6a2000 	C:\WINDOWS\SYSTEM32\apphelp.dll
0x0000020d06b20000 - 0x0000020d06b36000 	C:\Schule\3cWI\SWP\GameEngine\Games\native\jinput-dx8_64.dll
0x00007ffa2f080000 - 0x00007ffa2f0c5000 	C:\WINDOWS\SYSTEM32\DINPUT8.dll
0x00007ffa34ca0000 - 0x00007ffa34e69000 	C:\WINDOWS\SYSTEM32\inputhost.dll
0x00007ffa4bdf0000 - 0x00007ffa4bdfe000 	C:\WINDOWS\SYSTEM32\HID.DLL
0x00007ffa4f9a0000 - 0x00007ffa4fe0c000 	C:\WINDOWS\System32\SETUPAPI.DLL
0x00007ffa4d0c0000 - 0x00007ffa4d0ec000 	C:\WINDOWS\SYSTEM32\DEVOBJ.dll
0x00007ffa4d490000 - 0x00007ffa4d4f8000 	C:\WINDOWS\System32\WINTRUST.dll
0x00007ffa4d500000 - 0x00007ffa4d662000 	C:\WINDOWS\System32\CRYPT32.dll
0x00007ffa4cc50000 - 0x00007ffa4cc62000 	C:\WINDOWS\SYSTEM32\MSASN1.dll
0x0000020d0f630000 - 0x0000020d0f644000 	C:\Schule\3cWI\SWP\GameEngine\Games\native\jinput-raw_64.dll

dbghelp: loaded successfully - version: 4.0.5 - missing functions: none
symbol engine: initialized successfully - sym options: 0x614 - pdb path: .;C:\Users\Win10\.jdks\openjdk-19.0.1\bin;C:\WINDOWS\SYSTEM32;C:\WINDOWS\WinSxS\amd64_microsoft.windows.common-controls_6595b64144ccf1df_6.0.22000.120_none_9d947278b86cc467;C:\Users\Win10\.jdks\openjdk-19.0.1\bin\server;C:\Schule\Programme\IntelliJ IDEA Community Edition 2022.2.1\bin;C:\Schule\3cWI\SWP\GameEngine\Games\native;C:\Windows\System32\DriverStore\FileRepository\iigd_dch.inf_amd64_2b1d9e395a05d1c9

VM Arguments:
jvm_args: -Djava.library.path=C:\Schule\3cWI\SWP\GameEngine\Games\native -javaagent:C:\Schule\Programme\IntelliJ IDEA Community Edition 2022.2.1\lib\idea_rt.jar=62328:C:\Schule\Programme\IntelliJ IDEA Community Edition 2022.2.1\bin -Dfile.encoding=UTF-8 -Dsun.stdout.encoding=UTF-8 -Dsun.stderr.encoding=UTF-8 
java_command: at.finn.games.snowworld.Snowworld
java_class_path (initial): C:\Schule\3cWI\SWP\GameEngine\Games\out\production\Slick2DTemplate;C:\Schule\3cWI\SWP\GameEngine\Games\lib\jogg-0.0.7.jar;C:\Schule\3cWI\SWP\GameEngine\Games\lib\jnlp.jar;C:\Schule\3cWI\SWP\GameEngine\Games\lib\natives-mac.jar;C:\Schule\3cWI\SWP\GameEngine\Games\lib\ibxm.jar;C:\Schule\3cWI\SWP\GameEngine\Games\lib\slick.jar;C:\Schule\3cWI\SWP\GameEngine\Games\lib\lwjgl_util.jar;C:\Schule\3cWI\SWP\GameEngine\Games\lib\natives-windows.jar;C:\Schule\3cWI\SWP\GameEngine\Games\lib\tinylinepp.jar;C:\Schule\3cWI\SWP\GameEngine\Games\lib\slick-examples.jar;C:\Schule\3cWI\SWP\GameEngine\Games\lib\jinput.jar;C:\Schule\3cWI\SWP\GameEngine\Games\lib\lwjgl.jar;C:\Schule\3cWI\SWP\GameEngine\Games\lib\jorbis-0.0.15.jar;C:\Schule\3cWI\SWP\GameEngine\Games\lib\lwjgl_util_applet.jar;C:\Schule\3cWI\SWP\GameEngine\Games\lib\natives-linux.jar
Launcher Type: SUN_STANDARD

[Global flags]
     intx CICompilerCount                          = 4                                         {product} {ergonomic}
     uint ConcGCThreads                            = 2                                         {product} {ergonomic}
     uint G1ConcRefinementThreads                  = 8                                         {product} {ergonomic}
   size_t G1HeapRegionSize                         = 2097152                                   {product} {ergonomic}
    uintx GCDrainStackTargetSize                   = 64                                        {product} {ergonomic}
   size_t InitialHeapSize                          = 266338304                                 {product} {ergonomic}
   size_t MarkStackSize                            = 4194304                                   {product} {ergonomic}
   size_t MaxHeapSize                              = 4238344192                                {product} {ergonomic}
   size_t MaxNewSize                               = 2541748224                                {product} {ergonomic}
   size_t MinHeapDeltaBytes                        = 2097152                                   {product} {ergonomic}
   size_t MinHeapSize                              = 8388608                                   {product} {ergonomic}
    uintx NonNMethodCodeHeapSize                   = 5839372                                {pd product} {ergonomic}
    uintx NonProfiledCodeHeapSize                  = 122909434                              {pd product} {ergonomic}
    uintx ProfiledCodeHeapSize                     = 122909434                              {pd product} {ergonomic}
    uintx ReservedCodeCacheSize                    = 251658240                              {pd product} {ergonomic}
     bool SegmentedCodeCache                       = true                                      {product} {ergonomic}
   size_t SoftMaxHeapSize                          = 4238344192                             {manageable} {ergonomic}
     bool UseCompressedClassPointers               = true                           {product lp64_product} {ergonomic}
     bool UseCompressedOops                        = true                           {product lp64_product} {ergonomic}
     bool UseG1GC                                  = true                                      {product} {ergonomic}
     bool UseLargePagesIndividualAllocation        = false                                  {pd product} {ergonomic}

Logging:
Log output configuration:
 #0: stdout all=off uptime,level,tags foldmultilines=false
 #1: stderr all=off uptime,level,tags foldmultilines=false

Environment Variables:
PATH=C:\Program Files (x86)\Common Files\Intel\Shared Libraries\redist\intel64\compiler;C:\Schule\2cWI\Werkstätte\VM Player\bin\;C:\WINDOWS\system32;C:\WINDOWS;C:\WINDOWS\System32\Wbem;C:\WINDOWS\System32\WindowsPowerShell\v1.0\;C:\WINDOWS\System32\OpenSSH\;C:\Program Files\Microsoft SQL Server\120\Tools\Binn\;C:\Program Files\dotnet\;C:\Program Files\Microsoft SQL Server\150\Tools\Binn\;C:\Program Files\Microsoft SQL Server\Client SDK\ODBC\170\Tools\Binn\;C:\Program Files (x86)\Microsoft SQL Server\150\Tools\Binn\;C:\Program Files\Microsoft SQL Server\150\DTS\Binn\;C:\Program Files (x86)\Microsoft SQL Server\150\DTS\Binn\;C:\Program Files\Azure Data Studio\bin;C:\Dokumente\Henkel\Git\cmd;C:\Users\Win10\AppData\Local\Microsoft\WindowsApps;C:\Users\Win10\.dotnet\tools;C:\Schule\Programme\PyCharm 2021.2.2\bin;;;C:\Program Files\Azure Data Studio\bin
USERNAME=Finn
OS=Windows_NT
PROCESSOR_IDENTIFIER=Intel64 Family 6 Model 126 Stepping 5, GenuineIntel
TMP=C:\Users\Win10\AppData\Local\Temp
TEMP=C:\Users\Win10\AppData\Local\Temp



---------------  S Y S T E M  ---------------

OS:
 Windows 11 , 64 bit Build 22000 (10.0.22000.1335)
OS uptime: 20 days 0:42 hours

CPU: total 8 (initial active 8) (4 cores per cpu, 2 threads per core) family 6 model 126 stepping 5 microcode 0xa0, cx8, cmov, fxsr, ht, mmx, 3dnowpref, sse, sse2, sse3, ssse3, sse4.1, sse4.2, popcnt, lzcnt, tsc, tscinvbit, avx, avx2, aes, erms, clmul, bmi1, bmi2, adx, avx512f, avx512dq, avx512cd, avx512bw, avx512vl, sha, fma, vzeroupper, avx512_vpopcntdq, avx512_vpclmulqdq, avx512_vaes, avx512_vnni, clflush, clflushopt, avx512_vbmi2, avx512_vbmi, rdtscp, rdpid, fsrm, gfni, avx512_bitalg

Memory: 4k page, system-wide physical 16165M (5373M free)
TotalPageFile size 18597M (AvailPageFile size 6107M)
current process WorkingSet (physical memory assigned to process): 2870M, peak: 2872M
current process commit charge ("private bytes"): 3352M, peak: 3352M

vm_info: OpenJDK 64-Bit Server VM (19.0.1+10-21) for windows-amd64 JRE (19.0.1+10-21), built on 2022-09-14T12:45:06Z by "mach5one" with MS VC++ 17.1 (VS2022)

END.
